This file contains any messages produced by compilers while
running configure, to aid debugging if configure makes a mistake.

It was created by LRDE Tiger Compiler configure 1.91.e, which was
generated by GNU Autoconf 2.71.  Invocation command line was

  $ configure

## --------- ##
## Platform. ##
## --------- ##

hostname = r06p07.cisco.kb.sm.cri.epita.fr
uname -m = x86_64
uname -r = 5.10.108
uname -s = Linux
uname -v = #1-NixOS SMP Wed Mar 23 08:13:30 UTC 2022

/usr/bin/uname -p = unknown
/bin/uname -X     = unknown

/bin/arch              = unknown
/usr/bin/arch -k       = unknown
/usr/convex/getsysinfo = unknown
/usr/bin/hostinfo      = unknown
/bin/machine           = unknown
/usr/bin/oslevel       = unknown
/bin/universe          = unknown

PATH: /nix/store/1i7wb8smn7h6asdpwfbq2ka1nw06q74q-clion-2021.2.3/libexec/clion-2021.2.3/
PATH: /nix/store/0nsdyk72w6ycx581qjrgkyjcdpagfm1j-jetbrains-jdk-11_0_11-b1504.13/bin/
PATH: /nix/store/khkhvvmsfy8ysq3rd3lvanql1w9xp2m4-coreutils-9.0/bin/
PATH: /nix/store/88jjy3pyv49arll3623paaxxqfq3l08s-gnugrep-3.7/bin/
PATH: /nix/store/s1rx5ibi70si3fgg5bmdxm22qck0rszv-which-2.21/bin/
PATH: /nix/store/abpfg7l5sadzg8khy7agawswfcjwcsvi-git-2.33.1/bin/
PATH: /run/wrappers/bin/
PATH: /home/lovely-son.hilme/.nix-profile/bin/
PATH: /etc/profiles/per-user/lovely-son.hilme/bin/
PATH: /nix/var/nix/profiles/default/bin/
PATH: /run/current-system/sw/bin/


## ----------- ##
## Core tests. ##
## ----------- ##

configure:2881: looking for aux files: ltmain.sh compile ar-lib config.guess config.sub missing install-sh
configure:2894:  trying ./build-aux/
configure:2923:   ./build-aux/ltmain.sh found
configure:2923:   ./build-aux/compile found
configure:2923:   ./build-aux/ar-lib found
configure:2923:   ./build-aux/config.guess found
configure:2923:   ./build-aux/config.sub found
configure:2923:   ./build-aux/missing found
configure:2905:   ./build-aux/install-sh found
configure:3058: checking for a BSD-compatible install
configure:3131: result: /nix/store/khkhvvmsfy8ysq3rd3lvanql1w9xp2m4-coreutils-9.0/bin/install -c
configure:3142: checking whether build environment is sane
configure:3197: result: yes
configure:3356: checking for a race-free mkdir -p
configure:3400: result: /nix/store/khkhvvmsfy8ysq3rd3lvanql1w9xp2m4-coreutils-9.0/bin/mkdir -p
configure:3407: checking for gawk
configure:3428: found /run/current-system/sw/bin/gawk
configure:3439: result: gawk
configure:3450: checking whether make sets $(MAKE)
configure:3473: result: yes
configure:3503: checking whether make supports nested variables
configure:3521: result: yes
configure:3657: checking whether make supports nested variables
configure:3675: result: yes
configure:3768: checking for g++
configure:3789: found /run/current-system/sw/bin/g++
configure:3800: result: g++
configure:3827: checking for C++ compiler version
configure:3836: g++ --version >&5
g++ (GCC) 10.3.0
Copyright (C) 2020 Free Software Foundation, Inc.
This is free software; see the source for copying conditions.  There is NO
warranty; not even for MERCHANTABILITY or FITNESS FOR A PARTICULAR PURPOSE.

configure:3847: $? = 0
configure:3836: g++ -v >&5
Using built-in specs.
COLLECT_GCC=/nix/store/04m8psaiac9b24qcb6fpwd33lxjgi4py-gcc-10.3.0/bin/g++
COLLECT_LTO_WRAPPER=/nix/store/04m8psaiac9b24qcb6fpwd33lxjgi4py-gcc-10.3.0/libexec/gcc/x86_64-unknown-linux-gnu/10.3.0/lto-wrapper
Target: x86_64-unknown-linux-gnu
Configured with: 
Thread model: posix
Supported LTO compression algorithms: zlib
gcc version 10.3.0 (GCC) 
configure:3847: $? = 0
configure:3836: g++ -V >&5
g++: error: unrecognized command-line option '-V'
g++: fatal error: no input files
compilation terminated.
configure:3847: $? = 1
configure:3836: g++ -qversion >&5
g++: error: unrecognized command-line option '-qversion'; did you mean '--version'?
g++: fatal error: no input files
compilation terminated.
configure:3847: $? = 1
configure:3867: checking whether the C++ compiler works
configure:3889: g++    conftest.cpp  >&5
configure:3893: $? = 0
configure:3943: result: yes
configure:3946: checking for C++ compiler default output file name
configure:3948: result: a.out
configure:3954: checking for suffix of executables
configure:3961: g++ -o conftest    conftest.cpp  >&5
configure:3965: $? = 0
configure:3988: result: 
configure:4010: checking whether we are cross compiling
configure:4018: g++ -o conftest    conftest.cpp  >&5
configure:4022: $? = 0
configure:4029: ./conftest
configure:4033: $? = 0
configure:4048: result: no
configure:4053: checking for suffix of object files
configure:4076: g++ -c   conftest.cpp >&5
configure:4080: $? = 0
configure:4102: result: o
configure:4106: checking whether the compiler supports GNU C++
configure:4126: g++ -c   conftest.cpp >&5
configure:4126: $? = 0
configure:4136: result: yes
configure:4147: checking whether g++ accepts -g
configure:4168: g++ -c -g  conftest.cpp >&5
configure:4168: $? = 0
configure:4212: result: yes
configure:4232: checking for g++ option to enable C++11 features
configure:4247: g++  -c -g -O2  conftest.cpp >&5
configure:4247: $? = 0
configure:4265: result: none needed
configure:4339: checking for style of include used by make
configure:4387: result: GNU
configure:4414: checking dependency style of g++
configure:4526: result: gcc3
configure:4588: checking build system type
configure:4603: result: x86_64-pc-linux-gnux32
configure:4623: checking host system type
configure:4637: result: x86_64-pc-linux-gnux32
configure:4707: checking whether C++ compiler accepts -std=c++20
configure:4727: g++ -c -g -O2  -std=c++20  conftest.cpp >&5
configure:4727: $? = 0
configure:4736: result: yes
configure:4753: checking whether C++ compiler accepts -pipe
configure:4773: g++ -c -g -O2 -std=c++20  -pipe  conftest.cpp >&5
configure:4773: $? = 0
configure:4782: result: yes
configure:4793: checking for grep that handles long lines and -e
configure:4857: result: /nix/store/88jjy3pyv49arll3623paaxxqfq3l08s-gnugrep-3.7/bin/grep
configure:4862: checking for egrep
configure:4930: result: /nix/store/88jjy3pyv49arll3623paaxxqfq3l08s-gnugrep-3.7/bin/grep -E
configure:4935: checking whether C++ compiler accepts -Wall
configure:4956: g++ -c -g -O2 -std=c++20 -pipe -Wall  conftest.cpp >&5
configure:4964: $? = 0
configure:4967: test -s conftest.o
configure:4970: $? = 0
configure:4985: result: yes
configure:4991: checking whether C++ compiler accepts -W
configure:5012: g++ -c -g -O2 -std=c++20 -pipe -W  conftest.cpp >&5
configure:5020: $? = 0
configure:5023: test -s conftest.o
configure:5026: $? = 0
configure:5041: result: yes
configure:5047: checking whether C++ compiler accepts -Wcast-align
configure:5068: g++ -c -g -O2 -std=c++20 -pipe -Wcast-align  conftest.cpp >&5
configure:5076: $? = 0
configure:5079: test -s conftest.o
configure:5082: $? = 0
configure:5097: result: yes
configure:5103: checking whether C++ compiler accepts -Wcast-qual
configure:5124: g++ -c -g -O2 -std=c++20 -pipe -Wcast-qual  conftest.cpp >&5
configure:5132: $? = 0
configure:5135: test -s conftest.o
configure:5138: $? = 0
configure:5153: result: yes
configure:5159: checking whether C++ compiler accepts -Wformat
configure:5180: g++ -c -g -O2 -std=c++20 -pipe -Wformat  conftest.cpp >&5
configure:5188: $? = 0
configure:5191: test -s conftest.o
configure:5194: $? = 0
configure:5209: result: yes
configure:5215: checking whether C++ compiler accepts -Wmissing-prototypes
configure:5236: g++ -c -g -O2 -std=c++20 -pipe -Wmissing-prototypes  conftest.cpp >&5
cc1plus: warning: command-line option '-Wmissing-prototypes' is valid for C/ObjC but not for C++
configure:5244: $? = 0
configure:5247: test -s conftest.o
configure:5250: $? = 0
configure:5265: result: no
configure:5271: checking whether C++ compiler accepts -Wstrict-prototypes
configure:5292: g++ -c -g -O2 -std=c++20 -pipe -Wstrict-prototypes  conftest.cpp >&5
cc1plus: warning: command-line option '-Wstrict-prototypes' is valid for C/ObjC but not for C++
configure:5300: $? = 0
configure:5303: test -s conftest.o
configure:5306: $? = 0
configure:5321: result: no
configure:5327: checking whether C++ compiler accepts -Wwrite-strings
configure:5348: g++ -c -g -O2 -std=c++20 -pipe -Wwrite-strings  conftest.cpp >&5
configure:5356: $? = 0
configure:5359: test -s conftest.o
configure:5362: $? = 0
configure:5377: result: yes
configure:5383: checking whether C++ compiler accepts -Wbad-function-cast
configure:5404: g++ -c -g -O2 -std=c++20 -pipe -Wbad-function-cast  conftest.cpp >&5
cc1plus: warning: command-line option '-Wbad-function-cast' is valid for C/ObjC but not for C++
configure:5412: $? = 0
configure:5415: test -s conftest.o
configure:5418: $? = 0
configure:5433: result: no
configure:5439: checking whether C++ compiler accepts -Wmissing-declarations
configure:5460: g++ -c -g -O2 -std=c++20 -pipe -Wmissing-declarations  conftest.cpp >&5
configure:5468: $? = 0
configure:5471: test -s conftest.o
configure:5474: $? = 0
configure:5489: result: yes
configure:5495: checking whether C++ compiler accepts -Wnested-externs
configure:5516: g++ -c -g -O2 -std=c++20 -pipe -Wnested-externs  conftest.cpp >&5
cc1plus: warning: command-line option '-Wnested-externs' is valid for C/ObjC but not for C++
configure:5524: $? = 0
configure:5527: test -s conftest.o
configure:5530: $? = 0
configure:5545: result: no
configure:5551: checking whether C++ compiler accepts -Wunused-parameter
configure:5572: g++ -c -g -O2 -std=c++20 -pipe -Wunused-parameter  conftest.cpp >&5
configure:5580: $? = 0
configure:5583: test -s conftest.o
configure:5586: $? = 0
configure:5601: result: yes
configure:5607: checking whether C++ compiler accepts -Wunused-function
configure:5628: g++ -c -g -O2 -std=c++20 -pipe -Wunused-function  conftest.cpp >&5
configure:5636: $? = 0
configure:5639: test -s conftest.o
configure:5642: $? = 0
configure:5657: result: yes
configure:5663: checking whether C++ compiler accepts -Woverloaded-virtual
configure:5684: g++ -c -g -O2 -std=c++20 -pipe -Woverloaded-virtual  conftest.cpp >&5
configure:5692: $? = 0
configure:5695: test -s conftest.o
configure:5698: $? = 0
configure:5713: result: yes
configure:5719: checking whether C++ compiler accepts 
configure:5740: g++ -c -g -O2 -std=c++20 -pipe   conftest.cpp >&5
configure:5748: $? = 0
configure:5751: test -s conftest.o
configure:5754: $? = 0
configure:5769: result: yes
configure:5781: checking whether C++ compiler accepts -Wno-shadow
configure:5802: g++ -c -g -O2 -std=c++20 -pipe -Wno-shadow  conftest.cpp >&5
configure:5810: $? = 0
configure:5813: test -s conftest.o
configure:5816: $? = 0
configure:5831: result: yes
configure:5896: checking whether C++ compiler accepts -wd111,193,279,383,444,522,654,810,981,1418
configure:5917: g++ -c -g -O2 -std=c++20 -pipe -wd111,193,279,383,444,522,654,810,981,1418  conftest.cpp >&5
g++: error: unrecognized command-line option '-wd111,193,279,383,444,522,654,810,981,1418'
configure:5925: $? = 1
configure: failed program was:
| /* confdefs.h */
| #define PACKAGE_NAME "LRDE Tiger Compiler"
| #define PACKAGE_TARNAME "tc"
| #define PACKAGE_VERSION "1.91.e"
| #define PACKAGE_STRING "LRDE Tiger Compiler 1.91.e"
| #define PACKAGE_BUGREPORT "tiger@lrde.epita.fr"
| #define PACKAGE_URL "http://tiger.lrde.epita.fr"
| #define PACKAGE "tc"
| #define VERSION "1.91.e"
| /* end confdefs.h.  */
| 
| int
| main (void)
| {
| 
|   ;
|   return 0;
| }
configure:5946: result: no
configure:5979: checking whether C++ compiler accepts -Wno-strict-aliasing
configure:6000: g++ -c -g -O2 -std=c++20 -pipe -Wno-strict-aliasing  conftest.cpp >&5
configure:6008: $? = 0
configure:6011: test -s conftest.o
configure:6014: $? = 0
configure:6029: result: yes
configure:6049: checking for flex
configure:6070: found /run/current-system/sw/bin/flex
configure:6081: result: flex
configure:6096: checking for flex >= 2.5.35
configure:6138: result: yes
configure:6168: checking for bison
configure:6189: found /run/current-system/sw/bin/bison
configure:6200: result: bison
configure:6215: checking for bison >= 3.8.2
configure:6257: result: yes
configure:6276: checking for emacs
configure:6297: found /run/current-system/sw/bin/emacs
configure:6308: result: emacs
configure:6333: checking where .elc files should go
configure:6347: $EMACS -batch -Q -eval '(while load-path (princ (concat (car load-path) "\n")) (setq load-path (cdr load-path)))' </dev/null >conftest.out
configure:6350: $? = 0
configure:6363: result: ${datarootdir}/emacs/site-lisp
configure:6435: checking for gcc
configure:6456: found /run/current-system/sw/bin/gcc
configure:6467: result: gcc
configure:6820: checking for C compiler version
configure:6829: gcc --version >&5
gcc (GCC) 10.3.0
Copyright (C) 2020 Free Software Foundation, Inc.
This is free software; see the source for copying conditions.  There is NO
warranty; not even for MERCHANTABILITY or FITNESS FOR A PARTICULAR PURPOSE.

configure:6840: $? = 0
configure:6829: gcc -v >&5
Using built-in specs.
COLLECT_GCC=/nix/store/04m8psaiac9b24qcb6fpwd33lxjgi4py-gcc-10.3.0/bin/gcc
COLLECT_LTO_WRAPPER=/nix/store/04m8psaiac9b24qcb6fpwd33lxjgi4py-gcc-10.3.0/libexec/gcc/x86_64-unknown-linux-gnu/10.3.0/lto-wrapper
Target: x86_64-unknown-linux-gnu
Configured with: 
Thread model: posix
Supported LTO compression algorithms: zlib
gcc version 10.3.0 (GCC) 
configure:6840: $? = 0
configure:6829: gcc -V >&5
gcc: error: unrecognized command-line option '-V'
gcc: fatal error: no input files
compilation terminated.
configure:6840: $? = 1
configure:6829: gcc -qversion >&5
gcc: error: unrecognized command-line option '-qversion'; did you mean '--version'?
gcc: fatal error: no input files
compilation terminated.
configure:6840: $? = 1
configure:6829: gcc -version >&5
gcc: error: unrecognized command-line option '-version'
gcc: fatal error: no input files
compilation terminated.
configure:6840: $? = 1
configure:6844: checking whether the compiler supports GNU C
configure:6864: gcc -c   conftest.c >&5
configure:6864: $? = 0
configure:6874: result: yes
configure:6885: checking whether gcc accepts -g
configure:6906: gcc -c -g  conftest.c >&5
configure:6906: $? = 0
configure:6950: result: yes
configure:6970: checking for gcc option to enable C11 features
configure:6985: gcc  -c -g -O2  conftest.c >&5
configure:6985: $? = 0
configure:7003: result: none needed
configure:7119: checking whether gcc understands -c and -o together
configure:7142: gcc -c conftest.c -o conftest2.o
configure:7145: $? = 0
configure:7142: gcc -c conftest.c -o conftest2.o
configure:7145: $? = 0
configure:7157: result: yes
configure:7176: checking dependency style of gcc
configure:7288: result: gcc3
configure:7359: checking for ar
configure:7380: found /run/current-system/sw/bin/ar
configure:7391: result: ar
configure:7417: checking the archiver (ar) interface
configure:7434: gcc -c -g -O2  conftest.c >&5
configure:7434: $? = 0
configure:7437: ar cru libconftest.a conftest.o >&5
ar: `u' modifier ignored since `D' is the default (see `U')
configure:7440: $? = 0
configure:7468: result: ar
configure:7537: checking how to print strings
configure:7564: result: printf
configure:7585: checking for a sed that does not truncate output
configure:7655: result: /run/current-system/sw/bin/sed
configure:7673: checking for fgrep
configure:7741: result: /nix/store/88jjy3pyv49arll3623paaxxqfq3l08s-gnugrep-3.7/bin/grep -F
configure:7777: checking for ld used by gcc
configure:7845: result: /nix/store/11szv8mf8ww7gv36kfgj56d68cx7chg3-gcc-wrapper-10.3.0/bin/ld
configure:7852: checking if the linker (/nix/store/11szv8mf8ww7gv36kfgj56d68cx7chg3-gcc-wrapper-10.3.0/bin/ld) is GNU ld
configure:7868: result: yes
configure:7880: checking for BSD- or MS-compatible name lister (nm)
configure:7935: result: /run/current-system/sw/bin/nm -B
configure:8075: checking the name lister (/run/current-system/sw/bin/nm -B) interface
configure:8083: g++ -c -g -O2 -std=c++20 -pipe  conftest.cpp >&5
configure:8086: /run/current-system/sw/bin/nm -B "conftest.o"
configure:8089: output
0000000000000000 B some_variable
configure:8096: result: BSD nm
configure:8099: checking whether ln -s works
configure:8103: result: yes
configure:8111: checking the maximum length of command line arguments
configure:8243: result: 1572864
configure:8291: checking how to convert x86_64-pc-linux-gnux32 file names to x86_64-pc-linux-gnux32 format
configure:8332: result: func_convert_file_noop
configure:8339: checking how to convert x86_64-pc-linux-gnux32 file names to toolchain format
configure:8360: result: func_convert_file_noop
configure:8367: checking for /nix/store/11szv8mf8ww7gv36kfgj56d68cx7chg3-gcc-wrapper-10.3.0/bin/ld option to reload object files
configure:8375: result: -r
configure:8454: checking for objdump
configure:8475: found /run/current-system/sw/bin/objdump
configure:8486: result: objdump
configure:8518: checking how to recognize dependent libraries
configure:8719: result: pass_all
configure:8809: checking for dlltool
configure:8844: result: no
configure:8874: checking how to associate runtime and link libraries
configure:8902: result: printf %s\n
configure:9036: checking for archiver @FILE support
configure:9054: g++ -c -g -O2 -std=c++20 -pipe  conftest.cpp >&5
configure:9054: $? = 0
configure:9058: ar cru libconftest.a @conftest.lst >&5
ar: `u' modifier ignored since `D' is the default (see `U')
configure:9061: $? = 0
configure:9066: ar cru libconftest.a @conftest.lst >&5
ar: `u' modifier ignored since `D' is the default (see `U')
ar: conftest.o: No such file or directory
configure:9069: $? = 1
configure:9081: result: @
configure:9144: checking for strip
configure:9165: found /run/current-system/sw/bin/strip
configure:9176: result: strip
configure:9253: checking for ranlib
configure:9274: found /run/current-system/sw/bin/ranlib
configure:9285: result: ranlib
configure:9387: checking command to parse /run/current-system/sw/bin/nm -B output from gcc object
configure:9541: g++ -c -g -O2 -std=c++20 -pipe  conftest.cpp >&5
configure:9544: $? = 0
configure:9548: /run/current-system/sw/bin/nm -B conftest.o \| sed -n -e 's/^.*[ ]\([ABCDGIRSTW][ABCDGIRSTW]*\)[ ][ ]*\([_A-Za-z][_A-Za-z0-9]*\)$/\1 \2 \2/p' | sed '/ __gnu_lto/d' \> conftest.nm
configure:9551: $? = 0
configure:9617: g++ -o conftest -g -O2 -std=c++20 -pipe   conftest.cpp conftstm.o >&5
configure:9620: $? = 0
configure:9658: result: ok
configure:9705: checking for sysroot
configure:9736: result: no
configure:9743: checking for a working dd
configure:9787: result: /nix/store/khkhvvmsfy8ysq3rd3lvanql1w9xp2m4-coreutils-9.0/bin/dd
configure:9791: checking how to truncate binary pipes
configure:9807: result: /nix/store/khkhvvmsfy8ysq3rd3lvanql1w9xp2m4-coreutils-9.0/bin/dd bs=4096 count=1
configure:9944: g++ -c -g -O2 -std=c++20 -pipe  conftest.cpp >&5
configure:9947: $? = 0
configure:10144: checking for mt
configure:10179: result: no
configure:10199: checking if : is a manifest tool
configure:10206: : '-?'
configure:10214: result: no
configure:10939: checking for stdio.h
configure:10939: g++ -c -g -O2 -std=c++20 -pipe  conftest.cpp >&5
configure:10939: $? = 0
configure:10939: result: yes
configure:10939: checking for stdlib.h
configure:10939: g++ -c -g -O2 -std=c++20 -pipe  conftest.cpp >&5
configure:10939: $? = 0
configure:10939: result: yes
configure:10939: checking for string.h
configure:10939: g++ -c -g -O2 -std=c++20 -pipe  conftest.cpp >&5
configure:10939: $? = 0
configure:10939: result: yes
configure:10939: checking for inttypes.h
configure:10939: g++ -c -g -O2 -std=c++20 -pipe  conftest.cpp >&5
configure:10939: $? = 0
configure:10939: result: yes
configure:10939: checking for stdint.h
configure:10939: g++ -c -g -O2 -std=c++20 -pipe  conftest.cpp >&5
configure:10939: $? = 0
configure:10939: result: yes
configure:10939: checking for strings.h
configure:10939: g++ -c -g -O2 -std=c++20 -pipe  conftest.cpp >&5
configure:10939: $? = 0
configure:10939: result: yes
configure:10939: checking for sys/stat.h
configure:10939: g++ -c -g -O2 -std=c++20 -pipe  conftest.cpp >&5
configure:10939: $? = 0
configure:10939: result: yes
configure:10939: checking for sys/types.h
configure:10939: g++ -c -g -O2 -std=c++20 -pipe  conftest.cpp >&5
configure:10939: $? = 0
configure:10939: result: yes
configure:10939: checking for unistd.h
configure:10939: g++ -c -g -O2 -std=c++20 -pipe  conftest.cpp >&5
configure:10939: $? = 0
configure:10939: result: yes
configure:10964: checking for dlfcn.h
configure:10964: g++ -c -g -O2 -std=c++20 -pipe  conftest.cpp >&5
configure:10964: $? = 0
configure:10964: result: yes
configure:11232: checking for objdir
configure:11248: result: .libs
configure:11512: checking if gcc supports -fno-rtti -fno-exceptions
configure:11531: gcc -c -g -O2  -fno-rtti -fno-exceptions conftest.c >&5
cc1: warning: command-line option '-fno-rtti' is valid for C++/D/ObjC++ but not for C
configure:11535: $? = 0
configure:11548: result: no
configure:11906: checking for gcc option to produce PIC
configure:11914: result: -fPIC -DPIC
configure:11922: checking if gcc PIC flag -fPIC -DPIC works
configure:11941: gcc -c -g -O2  -fPIC -DPIC -DPIC conftest.c >&5
configure:11945: $? = 0
configure:11958: result: yes
configure:11987: checking if gcc static flag -static works
configure:12016: result: no
configure:12031: checking if gcc supports -c -o file.o
configure:12053: gcc -c -g -O2  -o out/conftest2.o conftest.c >&5
configure:12057: $? = 0
configure:12079: result: yes
configure:12087: checking if gcc supports -c -o file.o
configure:12135: result: yes
configure:12168: checking whether the gcc linker (/nix/store/11szv8mf8ww7gv36kfgj56d68cx7chg3-gcc-wrapper-10.3.0/bin/ld) supports shared libraries
configure:13434: result: yes
configure:13675: checking dynamic linker characteristics
configure:14257: gcc -o conftest -g -O2   -Wl,-rpath -Wl,/foo conftest.c  >&5
configure:14257: $? = 0
configure:14496: result: GNU/Linux ld.so
configure:14618: checking how to hardcode library paths into programs
configure:14643: result: immediate
configure:15195: checking whether stripping libraries is possible
configure:15200: result: yes
configure:15235: checking if libtool supports shared libraries
configure:15237: result: yes
configure:15240: checking whether to build shared libraries
configure:15265: result: no
configure:15268: checking whether to build static libraries
configure:15272: result: yes
configure:15295: checking how to run the C++ preprocessor
configure:15317: g++ -E  conftest.cpp
configure:15317: $? = 0
configure:15332: g++ -E  conftest.cpp
conftest.cpp:26:10: fatal error: ac_nonexistent.h: No such file or directory
   26 | #include <ac_nonexistent.h>
      |          ^~~~~~~~~~~~~~~~~~
compilation terminated.
configure:15332: $? = 1
configure: failed program was:
| /* confdefs.h */
| #define PACKAGE_NAME "LRDE Tiger Compiler"
| #define PACKAGE_TARNAME "tc"
| #define PACKAGE_VERSION "1.91.e"
| #define PACKAGE_STRING "LRDE Tiger Compiler 1.91.e"
| #define PACKAGE_BUGREPORT "tiger@lrde.epita.fr"
| #define PACKAGE_URL "http://tiger.lrde.epita.fr"
| #define PACKAGE "tc"
| #define VERSION "1.91.e"
| #define FLEX_MAJOR_VERSION 2
| #define FLEX_MINOR_VERSION 6
| #define FLEX_SUBMINOR_VERSION 4
| #define HAVE_STDIO_H 1
| #define HAVE_STDLIB_H 1
| #define HAVE_STRING_H 1
| #define HAVE_INTTYPES_H 1
| #define HAVE_STDINT_H 1
| #define HAVE_STRINGS_H 1
| #define HAVE_SYS_STAT_H 1
| #define HAVE_SYS_TYPES_H 1
| #define HAVE_UNISTD_H 1
| #define STDC_HEADERS 1
| #define HAVE_DLFCN_H 1
| #define LT_OBJDIR ".libs/"
| /* end confdefs.h.  */
| #include <ac_nonexistent.h>
configure:15359: result: g++ -E
configure:15373: g++ -E  conftest.cpp
configure:15373: $? = 0
configure:15388: g++ -E  conftest.cpp
conftest.cpp:26:10: fatal error: ac_nonexistent.h: No such file or directory
   26 | #include <ac_nonexistent.h>
      |          ^~~~~~~~~~~~~~~~~~
compilation terminated.
configure:15388: $? = 1
configure: failed program was:
| /* confdefs.h */
| #define PACKAGE_NAME "LRDE Tiger Compiler"
| #define PACKAGE_TARNAME "tc"
| #define PACKAGE_VERSION "1.91.e"
| #define PACKAGE_STRING "LRDE Tiger Compiler 1.91.e"
| #define PACKAGE_BUGREPORT "tiger@lrde.epita.fr"
| #define PACKAGE_URL "http://tiger.lrde.epita.fr"
| #define PACKAGE "tc"
| #define VERSION "1.91.e"
| #define FLEX_MAJOR_VERSION 2
| #define FLEX_MINOR_VERSION 6
| #define FLEX_SUBMINOR_VERSION 4
| #define HAVE_STDIO_H 1
| #define HAVE_STDLIB_H 1
| #define HAVE_STRING_H 1
| #define HAVE_INTTYPES_H 1
| #define HAVE_STDINT_H 1
| #define HAVE_STRINGS_H 1
| #define HAVE_SYS_STAT_H 1
| #define HAVE_SYS_TYPES_H 1
| #define HAVE_UNISTD_H 1
| #define STDC_HEADERS 1
| #define HAVE_DLFCN_H 1
| #define LT_OBJDIR ".libs/"
| /* end confdefs.h.  */
| #include <ac_nonexistent.h>
configure:15553: checking for ld used by g++
configure:15621: result: /nix/store/11szv8mf8ww7gv36kfgj56d68cx7chg3-gcc-wrapper-10.3.0/bin/ld
configure:15628: checking if the linker (/nix/store/11szv8mf8ww7gv36kfgj56d68cx7chg3-gcc-wrapper-10.3.0/bin/ld) is GNU ld
configure:15644: result: yes
configure:15699: checking whether the g++ linker (/nix/store/11szv8mf8ww7gv36kfgj56d68cx7chg3-gcc-wrapper-10.3.0/bin/ld) supports shared libraries
configure:16776: result: yes
configure:16812: g++ -c -g -O2 -std=c++20 -pipe  conftest.cpp >&5
configure:16815: $? = 0
configure:17296: checking for g++ option to produce PIC
configure:17304: result: -fPIC -DPIC
configure:17312: checking if g++ PIC flag -fPIC -DPIC works
configure:17331: g++ -c -g -O2 -std=c++20 -pipe  -fPIC -DPIC -DPIC conftest.cpp >&5
configure:17335: $? = 0
configure:17348: result: yes
configure:17371: checking if g++ static flag -static works
configure:17400: result: no
configure:17412: checking if g++ supports -c -o file.o
configure:17434: g++ -c -g -O2 -std=c++20 -pipe  -o out/conftest2.o conftest.cpp >&5
configure:17438: $? = 0
configure:17460: result: yes
configure:17465: checking if g++ supports -c -o file.o
configure:17513: result: yes
configure:17543: checking whether the g++ linker (/nix/store/11szv8mf8ww7gv36kfgj56d68cx7chg3-gcc-wrapper-10.3.0/bin/ld) supports shared libraries
configure:17583: result: yes
configure:17725: checking dynamic linker characteristics
configure:18473: result: GNU/Linux ld.so
configure:18538: checking how to hardcode library paths into programs
configure:18563: result: immediate
configure:18661: checking for llvm-config-11
configure:18696: result: no
configure:18661: checking for llvm-config
configure:18682: found /run/current-system/sw/bin/llvm-config
configure:18693: result: llvm-config
configure:18708: checking for llvm-config-11 llvm-config >= 11.0
configure:18750: result: yes
configure:18762: checking for clang
configure:18783: found /run/current-system/sw/bin/clang
configure:18794: result: clang
configure:18809: checking for clang clang-11 >= 11.0
configure:18851: result: yes
configure:18884: checking for clang-format
configure:18905: found /run/current-system/sw/bin/clang-format
configure:18916: result: clang-format
configure: this is boost.m4 serial 24
configure:18962: checking for Boost headers version >= 1.61.0
configure:19034: g++ -c -g -O2 -std=c++20 -pipe  conftest.cpp >&5
configure:19034: $? = 0
configure:19056: result: yes
configure:19075: checking for Boost's header version
configure:19107: result: 1_69
configure:19130: checking for boost/cast.hpp
configure:19130: g++ -c -g -O2 -std=c++20 -pipe   conftest.cpp >&5
configure:19130: $? = 0
configure:19130: result: yes
configure:19159: checking for boost/lexical_cast.hpp
configure:19159: g++ -c -g -O2 -std=c++20 -pipe   conftest.cpp >&5
configure:19159: $? = 0
configure:19159: result: yes
configure:19179: checking for the toolset name used by Boost for g++
configure:19294: g++ -c -g -O2 -std=c++20 -pipe  conftest.cpp >&5
conftest.cpp:33:3: error: #error defined __GNUC__ && __GNUC__ == 5 && __GNUC_MINOR__ == 0 && !defined __ICC && (defined WIN32 || defined WINNT || defined _WIN32 || defined __WIN32 || defined __WIN32__ || defined __WINNT || defined __WINNT__)
   33 | # error defined __GNUC__ && __GNUC__ == 5 && __GNUC_MINOR__ == 0 && !defined __ICC &&   (defined WIN32 || defined WINNT || defined _WIN32 || defined __WIN32          || defined __WIN32__ || defined __WINNT || defined __WINNT__)
      |   ^~~~~
configure:19294: $? = 1
configure: failed program was:
| /* confdefs.h */
| #define PACKAGE_NAME "LRDE Tiger Compiler"
| #define PACKAGE_TARNAME "tc"
| #define PACKAGE_VERSION "1.91.e"
| #define PACKAGE_STRING "LRDE Tiger Compiler 1.91.e"
| #define PACKAGE_BUGREPORT "tiger@lrde.epita.fr"
| #define PACKAGE_URL "http://tiger.lrde.epita.fr"
| #define PACKAGE "tc"
| #define VERSION "1.91.e"
| #define FLEX_MAJOR_VERSION 2
| #define FLEX_MINOR_VERSION 6
| #define FLEX_SUBMINOR_VERSION 4
| #define HAVE_STDIO_H 1
| #define HAVE_STDLIB_H 1
| #define HAVE_STRING_H 1
| #define HAVE_INTTYPES_H 1
| #define HAVE_STDINT_H 1
| #define HAVE_STRINGS_H 1
| #define HAVE_SYS_STAT_H 1
| #define HAVE_SYS_TYPES_H 1
| #define HAVE_UNISTD_H 1
| #define STDC_HEADERS 1
| #define HAVE_DLFCN_H 1
| #define LT_OBJDIR ".libs/"
| #define HAVE_BOOST 1
| #define HAVE_BOOST_CAST_HPP 1
| #define HAVE_BOOST_LEXICAL_CAST_HPP 1
| /* end confdefs.h.  */
| 
| #if defined __GNUC__ && __GNUC__ == 5 && __GNUC_MINOR__ == 0 && !defined __ICC &&   (defined WIN32 || defined WINNT || defined _WIN32 || defined __WIN32          || defined __WIN32__ || defined __WINNT || defined __WINNT__)
| /* OK */
| #else
| # error defined __GNUC__ && __GNUC__ == 5 && __GNUC_MINOR__ == 0 && !defined __ICC &&   (defined WIN32 || defined WINNT || defined _WIN32 || defined __WIN32          || defined __WIN32__ || defined __WINNT || defined __WINNT__)
| #endif
| 
| int
| main (void)
| {
| 
|   ;
|   return 0;
| }
configure:19294: g++ -c -g -O2 -std=c++20 -pipe  conftest.cpp >&5
conftest.cpp:33:3: error: #error defined __GNUC__ && __GNUC__ == 5 && __GNUC_MINOR__ == 0 && !defined __ICC
   33 | # error defined __GNUC__ && __GNUC__ == 5 && __GNUC_MINOR__ == 0 && !defined __ICC
      |   ^~~~~
configure:19294: $? = 1
configure: failed program was:
| /* confdefs.h */
| #define PACKAGE_NAME "LRDE Tiger Compiler"
| #define PACKAGE_TARNAME "tc"
| #define PACKAGE_VERSION "1.91.e"
| #define PACKAGE_STRING "LRDE Tiger Compiler 1.91.e"
| #define PACKAGE_BUGREPORT "tiger@lrde.epita.fr"
| #define PACKAGE_URL "http://tiger.lrde.epita.fr"
| #define PACKAGE "tc"
| #define VERSION "1.91.e"
| #define FLEX_MAJOR_VERSION 2
| #define FLEX_MINOR_VERSION 6
| #define FLEX_SUBMINOR_VERSION 4
| #define HAVE_STDIO_H 1
| #define HAVE_STDLIB_H 1
| #define HAVE_STRING_H 1
| #define HAVE_INTTYPES_H 1
| #define HAVE_STDINT_H 1
| #define HAVE_STRINGS_H 1
| #define HAVE_SYS_STAT_H 1
| #define HAVE_SYS_TYPES_H 1
| #define HAVE_UNISTD_H 1
| #define STDC_HEADERS 1
| #define HAVE_DLFCN_H 1
| #define LT_OBJDIR ".libs/"
| #define HAVE_BOOST 1
| #define HAVE_BOOST_CAST_HPP 1
| #define HAVE_BOOST_LEXICAL_CAST_HPP 1
| /* end confdefs.h.  */
| 
| #if defined __GNUC__ && __GNUC__ == 5 && __GNUC_MINOR__ == 0 && !defined __ICC
| /* OK */
| #else
| # error defined __GNUC__ && __GNUC__ == 5 && __GNUC_MINOR__ == 0 && !defined __ICC
| #endif
| 
| int
| main (void)
| {
| 
|   ;
|   return 0;
| }
configure:19294: g++ -c -g -O2 -std=c++20 -pipe  conftest.cpp >&5
conftest.cpp:33:3: error: #error defined __GNUC__ && __GNUC__ == 4 && __GNUC_MINOR__ == 10 && !defined __ICC && (defined WIN32 || defined WINNT || defined _WIN32 || defined __WIN32 || defined __WIN32__ || defined __WINNT || defined __WINNT__)
   33 | # error defined __GNUC__ && __GNUC__ == 4 && __GNUC_MINOR__ == 10 && !defined __ICC &&   (defined WIN32 || defined WINNT || defined _WIN32 || defined __WIN32          || defined __WIN32__ || defined __WINNT || defined __WINNT__)
      |   ^~~~~
configure:19294: $? = 1
configure: failed program was:
| /* confdefs.h */
| #define PACKAGE_NAME "LRDE Tiger Compiler"
| #define PACKAGE_TARNAME "tc"
| #define PACKAGE_VERSION "1.91.e"
| #define PACKAGE_STRING "LRDE Tiger Compiler 1.91.e"
| #define PACKAGE_BUGREPORT "tiger@lrde.epita.fr"
| #define PACKAGE_URL "http://tiger.lrde.epita.fr"
| #define PACKAGE "tc"
| #define VERSION "1.91.e"
| #define FLEX_MAJOR_VERSION 2
| #define FLEX_MINOR_VERSION 6
| #define FLEX_SUBMINOR_VERSION 4
| #define HAVE_STDIO_H 1
| #define HAVE_STDLIB_H 1
| #define HAVE_STRING_H 1
| #define HAVE_INTTYPES_H 1
| #define HAVE_STDINT_H 1
| #define HAVE_STRINGS_H 1
| #define HAVE_SYS_STAT_H 1
| #define HAVE_SYS_TYPES_H 1
| #define HAVE_UNISTD_H 1
| #define STDC_HEADERS 1
| #define HAVE_DLFCN_H 1
| #define LT_OBJDIR ".libs/"
| #define HAVE_BOOST 1
| #define HAVE_BOOST_CAST_HPP 1
| #define HAVE_BOOST_LEXICAL_CAST_HPP 1
| /* end confdefs.h.  */
| 
| #if defined __GNUC__ && __GNUC__ == 4 && __GNUC_MINOR__ == 10 && !defined __ICC &&   (defined WIN32 || defined WINNT || defined _WIN32 || defined __WIN32          || defined __WIN32__ || defined __WINNT || defined __WINNT__)
| /* OK */
| #else
| # error defined __GNUC__ && __GNUC__ == 4 && __GNUC_MINOR__ == 10 && !defined __ICC &&   (defined WIN32 || defined WINNT || defined _WIN32 || defined __WIN32          || defined __WIN32__ || defined __WINNT || defined __WINNT__)
| #endif
| 
| int
| main (void)
| {
| 
|   ;
|   return 0;
| }
configure:19294: g++ -c -g -O2 -std=c++20 -pipe  conftest.cpp >&5
conftest.cpp:33:3: error: #error defined __GNUC__ && __GNUC__ == 4 && __GNUC_MINOR__ == 10 && !defined __ICC
   33 | # error defined __GNUC__ && __GNUC__ == 4 && __GNUC_MINOR__ == 10 && !defined __ICC
      |   ^~~~~
configure:19294: $? = 1
configure: failed program was:
| /* confdefs.h */
| #define PACKAGE_NAME "LRDE Tiger Compiler"
| #define PACKAGE_TARNAME "tc"
| #define PACKAGE_VERSION "1.91.e"
| #define PACKAGE_STRING "LRDE Tiger Compiler 1.91.e"
| #define PACKAGE_BUGREPORT "tiger@lrde.epita.fr"
| #define PACKAGE_URL "http://tiger.lrde.epita.fr"
| #define PACKAGE "tc"
| #define VERSION "1.91.e"
| #define FLEX_MAJOR_VERSION 2
| #define FLEX_MINOR_VERSION 6
| #define FLEX_SUBMINOR_VERSION 4
| #define HAVE_STDIO_H 1
| #define HAVE_STDLIB_H 1
| #define HAVE_STRING_H 1
| #define HAVE_INTTYPES_H 1
| #define HAVE_STDINT_H 1
| #define HAVE_STRINGS_H 1
| #define HAVE_SYS_STAT_H 1
| #define HAVE_SYS_TYPES_H 1
| #define HAVE_UNISTD_H 1
| #define STDC_HEADERS 1
| #define HAVE_DLFCN_H 1
| #define LT_OBJDIR ".libs/"
| #define HAVE_BOOST 1
| #define HAVE_BOOST_CAST_HPP 1
| #define HAVE_BOOST_LEXICAL_CAST_HPP 1
| /* end confdefs.h.  */
| 
| #if defined __GNUC__ && __GNUC__ == 4 && __GNUC_MINOR__ == 10 && !defined __ICC
| /* OK */
| #else
| # error defined __GNUC__ && __GNUC__ == 4 && __GNUC_MINOR__ == 10 && !defined __ICC
| #endif
| 
| int
| main (void)
| {
| 
|   ;
|   return 0;
| }
configure:19294: g++ -c -g -O2 -std=c++20 -pipe  conftest.cpp >&5
conftest.cpp:33:3: error: #error defined __GNUC__ && __GNUC__ == 4 && __GNUC_MINOR__ == 9 && !defined __ICC && (defined WIN32 || defined WINNT || defined _WIN32 || defined __WIN32 || defined __WIN32__ || defined __WINNT || defined __WINNT__)
   33 | # error defined __GNUC__ && __GNUC__ == 4 && __GNUC_MINOR__ == 9 && !defined __ICC &&   (defined WIN32 || defined WINNT || defined _WIN32 || defined __WIN32          || defined __WIN32__ || defined __WINNT || defined __WINNT__)
      |   ^~~~~
configure:19294: $? = 1
configure: failed program was:
| /* confdefs.h */
| #define PACKAGE_NAME "LRDE Tiger Compiler"
| #define PACKAGE_TARNAME "tc"
| #define PACKAGE_VERSION "1.91.e"
| #define PACKAGE_STRING "LRDE Tiger Compiler 1.91.e"
| #define PACKAGE_BUGREPORT "tiger@lrde.epita.fr"
| #define PACKAGE_URL "http://tiger.lrde.epita.fr"
| #define PACKAGE "tc"
| #define VERSION "1.91.e"
| #define FLEX_MAJOR_VERSION 2
| #define FLEX_MINOR_VERSION 6
| #define FLEX_SUBMINOR_VERSION 4
| #define HAVE_STDIO_H 1
| #define HAVE_STDLIB_H 1
| #define HAVE_STRING_H 1
| #define HAVE_INTTYPES_H 1
| #define HAVE_STDINT_H 1
| #define HAVE_STRINGS_H 1
| #define HAVE_SYS_STAT_H 1
| #define HAVE_SYS_TYPES_H 1
| #define HAVE_UNISTD_H 1
| #define STDC_HEADERS 1
| #define HAVE_DLFCN_H 1
| #define LT_OBJDIR ".libs/"
| #define HAVE_BOOST 1
| #define HAVE_BOOST_CAST_HPP 1
| #define HAVE_BOOST_LEXICAL_CAST_HPP 1
| /* end confdefs.h.  */
| 
| #if defined __GNUC__ && __GNUC__ == 4 && __GNUC_MINOR__ == 9 && !defined __ICC &&   (defined WIN32 || defined WINNT || defined _WIN32 || defined __WIN32          || defined __WIN32__ || defined __WINNT || defined __WINNT__)
| /* OK */
| #else
| # error defined __GNUC__ && __GNUC__ == 4 && __GNUC_MINOR__ == 9 && !defined __ICC &&   (defined WIN32 || defined WINNT || defined _WIN32 || defined __WIN32          || defined __WIN32__ || defined __WINNT || defined __WINNT__)
| #endif
| 
| int
| main (void)
| {
| 
|   ;
|   return 0;
| }
configure:19294: g++ -c -g -O2 -std=c++20 -pipe  conftest.cpp >&5
conftest.cpp:33:3: error: #error defined __GNUC__ && __GNUC__ == 4 && __GNUC_MINOR__ == 9 && !defined __ICC
   33 | # error defined __GNUC__ && __GNUC__ == 4 && __GNUC_MINOR__ == 9 && !defined __ICC
      |   ^~~~~
configure:19294: $? = 1
configure: failed program was:
| /* confdefs.h */
| #define PACKAGE_NAME "LRDE Tiger Compiler"
| #define PACKAGE_TARNAME "tc"
| #define PACKAGE_VERSION "1.91.e"
| #define PACKAGE_STRING "LRDE Tiger Compiler 1.91.e"
| #define PACKAGE_BUGREPORT "tiger@lrde.epita.fr"
| #define PACKAGE_URL "http://tiger.lrde.epita.fr"
| #define PACKAGE "tc"
| #define VERSION "1.91.e"
| #define FLEX_MAJOR_VERSION 2
| #define FLEX_MINOR_VERSION 6
| #define FLEX_SUBMINOR_VERSION 4
| #define HAVE_STDIO_H 1
| #define HAVE_STDLIB_H 1
| #define HAVE_STRING_H 1
| #define HAVE_INTTYPES_H 1
| #define HAVE_STDINT_H 1
| #define HAVE_STRINGS_H 1
| #define HAVE_SYS_STAT_H 1
| #define HAVE_SYS_TYPES_H 1
| #define HAVE_UNISTD_H 1
| #define STDC_HEADERS 1
| #define HAVE_DLFCN_H 1
| #define LT_OBJDIR ".libs/"
| #define HAVE_BOOST 1
| #define HAVE_BOOST_CAST_HPP 1
| #define HAVE_BOOST_LEXICAL_CAST_HPP 1
| /* end confdefs.h.  */
| 
| #if defined __GNUC__ && __GNUC__ == 4 && __GNUC_MINOR__ == 9 && !defined __ICC
| /* OK */
| #else
| # error defined __GNUC__ && __GNUC__ == 4 && __GNUC_MINOR__ == 9 && !defined __ICC
| #endif
| 
| int
| main (void)
| {
| 
|   ;
|   return 0;
| }
configure:19294: g++ -c -g -O2 -std=c++20 -pipe  conftest.cpp >&5
conftest.cpp:33:3: error: #error defined __GNUC__ && __GNUC__ == 4 && __GNUC_MINOR__ == 8 && !defined __ICC && (defined WIN32 || defined WINNT || defined _WIN32 || defined __WIN32 || defined __WIN32__ || defined __WINNT || defined __WINNT__)
   33 | # error defined __GNUC__ && __GNUC__ == 4 && __GNUC_MINOR__ == 8 && !defined __ICC &&   (defined WIN32 || defined WINNT || defined _WIN32 || defined __WIN32          || defined __WIN32__ || defined __WINNT || defined __WINNT__)
      |   ^~~~~
configure:19294: $? = 1
configure: failed program was:
| /* confdefs.h */
| #define PACKAGE_NAME "LRDE Tiger Compiler"
| #define PACKAGE_TARNAME "tc"
| #define PACKAGE_VERSION "1.91.e"
| #define PACKAGE_STRING "LRDE Tiger Compiler 1.91.e"
| #define PACKAGE_BUGREPORT "tiger@lrde.epita.fr"
| #define PACKAGE_URL "http://tiger.lrde.epita.fr"
| #define PACKAGE "tc"
| #define VERSION "1.91.e"
| #define FLEX_MAJOR_VERSION 2
| #define FLEX_MINOR_VERSION 6
| #define FLEX_SUBMINOR_VERSION 4
| #define HAVE_STDIO_H 1
| #define HAVE_STDLIB_H 1
| #define HAVE_STRING_H 1
| #define HAVE_INTTYPES_H 1
| #define HAVE_STDINT_H 1
| #define HAVE_STRINGS_H 1
| #define HAVE_SYS_STAT_H 1
| #define HAVE_SYS_TYPES_H 1
| #define HAVE_UNISTD_H 1
| #define STDC_HEADERS 1
| #define HAVE_DLFCN_H 1
| #define LT_OBJDIR ".libs/"
| #define HAVE_BOOST 1
| #define HAVE_BOOST_CAST_HPP 1
| #define HAVE_BOOST_LEXICAL_CAST_HPP 1
| /* end confdefs.h.  */
| 
| #if defined __GNUC__ && __GNUC__ == 4 && __GNUC_MINOR__ == 8 && !defined __ICC &&   (defined WIN32 || defined WINNT || defined _WIN32 || defined __WIN32          || defined __WIN32__ || defined __WINNT || defined __WINNT__)
| /* OK */
| #else
| # error defined __GNUC__ && __GNUC__ == 4 && __GNUC_MINOR__ == 8 && !defined __ICC &&   (defined WIN32 || defined WINNT || defined _WIN32 || defined __WIN32          || defined __WIN32__ || defined __WINNT || defined __WINNT__)
| #endif
| 
| int
| main (void)
| {
| 
|   ;
|   return 0;
| }
configure:19294: g++ -c -g -O2 -std=c++20 -pipe  conftest.cpp >&5
conftest.cpp:33:3: error: #error defined __GNUC__ && __GNUC__ == 4 && __GNUC_MINOR__ == 8 && !defined __ICC
   33 | # error defined __GNUC__ && __GNUC__ == 4 && __GNUC_MINOR__ == 8 && !defined __ICC
      |   ^~~~~
configure:19294: $? = 1
configure: failed program was:
| /* confdefs.h */
| #define PACKAGE_NAME "LRDE Tiger Compiler"
| #define PACKAGE_TARNAME "tc"
| #define PACKAGE_VERSION "1.91.e"
| #define PACKAGE_STRING "LRDE Tiger Compiler 1.91.e"
| #define PACKAGE_BUGREPORT "tiger@lrde.epita.fr"
| #define PACKAGE_URL "http://tiger.lrde.epita.fr"
| #define PACKAGE "tc"
| #define VERSION "1.91.e"
| #define FLEX_MAJOR_VERSION 2
| #define FLEX_MINOR_VERSION 6
| #define FLEX_SUBMINOR_VERSION 4
| #define HAVE_STDIO_H 1
| #define HAVE_STDLIB_H 1
| #define HAVE_STRING_H 1
| #define HAVE_INTTYPES_H 1
| #define HAVE_STDINT_H 1
| #define HAVE_STRINGS_H 1
| #define HAVE_SYS_STAT_H 1
| #define HAVE_SYS_TYPES_H 1
| #define HAVE_UNISTD_H 1
| #define STDC_HEADERS 1
| #define HAVE_DLFCN_H 1
| #define LT_OBJDIR ".libs/"
| #define HAVE_BOOST 1
| #define HAVE_BOOST_CAST_HPP 1
| #define HAVE_BOOST_LEXICAL_CAST_HPP 1
| /* end confdefs.h.  */
| 
| #if defined __GNUC__ && __GNUC__ == 4 && __GNUC_MINOR__ == 8 && !defined __ICC
| /* OK */
| #else
| # error defined __GNUC__ && __GNUC__ == 4 && __GNUC_MINOR__ == 8 && !defined __ICC
| #endif
| 
| int
| main (void)
| {
| 
|   ;
|   return 0;
| }
configure:19294: g++ -c -g -O2 -std=c++20 -pipe  conftest.cpp >&5
conftest.cpp:33:3: error: #error defined __GNUC__ && __GNUC__ == 4 && __GNUC_MINOR__ == 7 && !defined __ICC && (defined WIN32 || defined WINNT || defined _WIN32 || defined __WIN32 || defined __WIN32__ || defined __WINNT || defined __WINNT__)
   33 | # error defined __GNUC__ && __GNUC__ == 4 && __GNUC_MINOR__ == 7 && !defined __ICC &&   (defined WIN32 || defined WINNT || defined _WIN32 || defined __WIN32          || defined __WIN32__ || defined __WINNT || defined __WINNT__)
      |   ^~~~~
configure:19294: $? = 1
configure: failed program was:
| /* confdefs.h */
| #define PACKAGE_NAME "LRDE Tiger Compiler"
| #define PACKAGE_TARNAME "tc"
| #define PACKAGE_VERSION "1.91.e"
| #define PACKAGE_STRING "LRDE Tiger Compiler 1.91.e"
| #define PACKAGE_BUGREPORT "tiger@lrde.epita.fr"
| #define PACKAGE_URL "http://tiger.lrde.epita.fr"
| #define PACKAGE "tc"
| #define VERSION "1.91.e"
| #define FLEX_MAJOR_VERSION 2
| #define FLEX_MINOR_VERSION 6
| #define FLEX_SUBMINOR_VERSION 4
| #define HAVE_STDIO_H 1
| #define HAVE_STDLIB_H 1
| #define HAVE_STRING_H 1
| #define HAVE_INTTYPES_H 1
| #define HAVE_STDINT_H 1
| #define HAVE_STRINGS_H 1
| #define HAVE_SYS_STAT_H 1
| #define HAVE_SYS_TYPES_H 1
| #define HAVE_UNISTD_H 1
| #define STDC_HEADERS 1
| #define HAVE_DLFCN_H 1
| #define LT_OBJDIR ".libs/"
| #define HAVE_BOOST 1
| #define HAVE_BOOST_CAST_HPP 1
| #define HAVE_BOOST_LEXICAL_CAST_HPP 1
| /* end confdefs.h.  */
| 
| #if defined __GNUC__ && __GNUC__ == 4 && __GNUC_MINOR__ == 7 && !defined __ICC &&   (defined WIN32 || defined WINNT || defined _WIN32 || defined __WIN32          || defined __WIN32__ || defined __WINNT || defined __WINNT__)
| /* OK */
| #else
| # error defined __GNUC__ && __GNUC__ == 4 && __GNUC_MINOR__ == 7 && !defined __ICC &&   (defined WIN32 || defined WINNT || defined _WIN32 || defined __WIN32          || defined __WIN32__ || defined __WINNT || defined __WINNT__)
| #endif
| 
| int
| main (void)
| {
| 
|   ;
|   return 0;
| }
configure:19294: g++ -c -g -O2 -std=c++20 -pipe  conftest.cpp >&5
conftest.cpp:33:3: error: #error defined __GNUC__ && __GNUC__ == 4 && __GNUC_MINOR__ == 7 && !defined __ICC
   33 | # error defined __GNUC__ && __GNUC__ == 4 && __GNUC_MINOR__ == 7 && !defined __ICC
      |   ^~~~~
configure:19294: $? = 1
configure: failed program was:
| /* confdefs.h */
| #define PACKAGE_NAME "LRDE Tiger Compiler"
| #define PACKAGE_TARNAME "tc"
| #define PACKAGE_VERSION "1.91.e"
| #define PACKAGE_STRING "LRDE Tiger Compiler 1.91.e"
| #define PACKAGE_BUGREPORT "tiger@lrde.epita.fr"
| #define PACKAGE_URL "http://tiger.lrde.epita.fr"
| #define PACKAGE "tc"
| #define VERSION "1.91.e"
| #define FLEX_MAJOR_VERSION 2
| #define FLEX_MINOR_VERSION 6
| #define FLEX_SUBMINOR_VERSION 4
| #define HAVE_STDIO_H 1
| #define HAVE_STDLIB_H 1
| #define HAVE_STRING_H 1
| #define HAVE_INTTYPES_H 1
| #define HAVE_STDINT_H 1
| #define HAVE_STRINGS_H 1
| #define HAVE_SYS_STAT_H 1
| #define HAVE_SYS_TYPES_H 1
| #define HAVE_UNISTD_H 1
| #define STDC_HEADERS 1
| #define HAVE_DLFCN_H 1
| #define LT_OBJDIR ".libs/"
| #define HAVE_BOOST 1
| #define HAVE_BOOST_CAST_HPP 1
| #define HAVE_BOOST_LEXICAL_CAST_HPP 1
| /* end confdefs.h.  */
| 
| #if defined __GNUC__ && __GNUC__ == 4 && __GNUC_MINOR__ == 7 && !defined __ICC
| /* OK */
| #else
| # error defined __GNUC__ && __GNUC__ == 4 && __GNUC_MINOR__ == 7 && !defined __ICC
| #endif
| 
| int
| main (void)
| {
| 
|   ;
|   return 0;
| }
configure:19294: g++ -c -g -O2 -std=c++20 -pipe  conftest.cpp >&5
conftest.cpp:33:3: error: #error defined __GNUC__ && __GNUC__ == 4 && __GNUC_MINOR__ == 6 && !defined __ICC && (defined WIN32 || defined WINNT || defined _WIN32 || defined __WIN32 || defined __WIN32__ || defined __WINNT || defined __WINNT__)
   33 | # error defined __GNUC__ && __GNUC__ == 4 && __GNUC_MINOR__ == 6 && !defined __ICC &&   (defined WIN32 || defined WINNT || defined _WIN32 || defined __WIN32          || defined __WIN32__ || defined __WINNT || defined __WINNT__)
      |   ^~~~~
configure:19294: $? = 1
configure: failed program was:
| /* confdefs.h */
| #define PACKAGE_NAME "LRDE Tiger Compiler"
| #define PACKAGE_TARNAME "tc"
| #define PACKAGE_VERSION "1.91.e"
| #define PACKAGE_STRING "LRDE Tiger Compiler 1.91.e"
| #define PACKAGE_BUGREPORT "tiger@lrde.epita.fr"
| #define PACKAGE_URL "http://tiger.lrde.epita.fr"
| #define PACKAGE "tc"
| #define VERSION "1.91.e"
| #define FLEX_MAJOR_VERSION 2
| #define FLEX_MINOR_VERSION 6
| #define FLEX_SUBMINOR_VERSION 4
| #define HAVE_STDIO_H 1
| #define HAVE_STDLIB_H 1
| #define HAVE_STRING_H 1
| #define HAVE_INTTYPES_H 1
| #define HAVE_STDINT_H 1
| #define HAVE_STRINGS_H 1
| #define HAVE_SYS_STAT_H 1
| #define HAVE_SYS_TYPES_H 1
| #define HAVE_UNISTD_H 1
| #define STDC_HEADERS 1
| #define HAVE_DLFCN_H 1
| #define LT_OBJDIR ".libs/"
| #define HAVE_BOOST 1
| #define HAVE_BOOST_CAST_HPP 1
| #define HAVE_BOOST_LEXICAL_CAST_HPP 1
| /* end confdefs.h.  */
| 
| #if defined __GNUC__ && __GNUC__ == 4 && __GNUC_MINOR__ == 6 && !defined __ICC &&   (defined WIN32 || defined WINNT || defined _WIN32 || defined __WIN32          || defined __WIN32__ || defined __WINNT || defined __WINNT__)
| /* OK */
| #else
| # error defined __GNUC__ && __GNUC__ == 4 && __GNUC_MINOR__ == 6 && !defined __ICC &&   (defined WIN32 || defined WINNT || defined _WIN32 || defined __WIN32          || defined __WIN32__ || defined __WINNT || defined __WINNT__)
| #endif
| 
| int
| main (void)
| {
| 
|   ;
|   return 0;
| }
configure:19294: g++ -c -g -O2 -std=c++20 -pipe  conftest.cpp >&5
conftest.cpp:33:3: error: #error defined __GNUC__ && __GNUC__ == 4 && __GNUC_MINOR__ == 6 && !defined __ICC
   33 | # error defined __GNUC__ && __GNUC__ == 4 && __GNUC_MINOR__ == 6 && !defined __ICC
      |   ^~~~~
configure:19294: $? = 1
configure: failed program was:
| /* confdefs.h */
| #define PACKAGE_NAME "LRDE Tiger Compiler"
| #define PACKAGE_TARNAME "tc"
| #define PACKAGE_VERSION "1.91.e"
| #define PACKAGE_STRING "LRDE Tiger Compiler 1.91.e"
| #define PACKAGE_BUGREPORT "tiger@lrde.epita.fr"
| #define PACKAGE_URL "http://tiger.lrde.epita.fr"
| #define PACKAGE "tc"
| #define VERSION "1.91.e"
| #define FLEX_MAJOR_VERSION 2
| #define FLEX_MINOR_VERSION 6
| #define FLEX_SUBMINOR_VERSION 4
| #define HAVE_STDIO_H 1
| #define HAVE_STDLIB_H 1
| #define HAVE_STRING_H 1
| #define HAVE_INTTYPES_H 1
| #define HAVE_STDINT_H 1
| #define HAVE_STRINGS_H 1
| #define HAVE_SYS_STAT_H 1
| #define HAVE_SYS_TYPES_H 1
| #define HAVE_UNISTD_H 1
| #define STDC_HEADERS 1
| #define HAVE_DLFCN_H 1
| #define LT_OBJDIR ".libs/"
| #define HAVE_BOOST 1
| #define HAVE_BOOST_CAST_HPP 1
| #define HAVE_BOOST_LEXICAL_CAST_HPP 1
| /* end confdefs.h.  */
| 
| #if defined __GNUC__ && __GNUC__ == 4 && __GNUC_MINOR__ == 6 && !defined __ICC
| /* OK */
| #else
| # error defined __GNUC__ && __GNUC__ == 4 && __GNUC_MINOR__ == 6 && !defined __ICC
| #endif
| 
| int
| main (void)
| {
| 
|   ;
|   return 0;
| }
configure:19294: g++ -c -g -O2 -std=c++20 -pipe  conftest.cpp >&5
conftest.cpp:33:3: error: #error defined __GNUC__ && __GNUC__ == 4 && __GNUC_MINOR__ == 5 && !defined __ICC && (defined WIN32 || defined WINNT || defined _WIN32 || defined __WIN32 || defined __WIN32__ || defined __WINNT || defined __WINNT__)
   33 | # error defined __GNUC__ && __GNUC__ == 4 && __GNUC_MINOR__ == 5 && !defined __ICC &&   (defined WIN32 || defined WINNT || defined _WIN32 || defined __WIN32          || defined __WIN32__ || defined __WINNT || defined __WINNT__)
      |   ^~~~~
configure:19294: $? = 1
configure: failed program was:
| /* confdefs.h */
| #define PACKAGE_NAME "LRDE Tiger Compiler"
| #define PACKAGE_TARNAME "tc"
| #define PACKAGE_VERSION "1.91.e"
| #define PACKAGE_STRING "LRDE Tiger Compiler 1.91.e"
| #define PACKAGE_BUGREPORT "tiger@lrde.epita.fr"
| #define PACKAGE_URL "http://tiger.lrde.epita.fr"
| #define PACKAGE "tc"
| #define VERSION "1.91.e"
| #define FLEX_MAJOR_VERSION 2
| #define FLEX_MINOR_VERSION 6
| #define FLEX_SUBMINOR_VERSION 4
| #define HAVE_STDIO_H 1
| #define HAVE_STDLIB_H 1
| #define HAVE_STRING_H 1
| #define HAVE_INTTYPES_H 1
| #define HAVE_STDINT_H 1
| #define HAVE_STRINGS_H 1
| #define HAVE_SYS_STAT_H 1
| #define HAVE_SYS_TYPES_H 1
| #define HAVE_UNISTD_H 1
| #define STDC_HEADERS 1
| #define HAVE_DLFCN_H 1
| #define LT_OBJDIR ".libs/"
| #define HAVE_BOOST 1
| #define HAVE_BOOST_CAST_HPP 1
| #define HAVE_BOOST_LEXICAL_CAST_HPP 1
| /* end confdefs.h.  */
| 
| #if defined __GNUC__ && __GNUC__ == 4 && __GNUC_MINOR__ == 5 && !defined __ICC &&   (defined WIN32 || defined WINNT || defined _WIN32 || defined __WIN32          || defined __WIN32__ || defined __WINNT || defined __WINNT__)
| /* OK */
| #else
| # error defined __GNUC__ && __GNUC__ == 4 && __GNUC_MINOR__ == 5 && !defined __ICC &&   (defined WIN32 || defined WINNT || defined _WIN32 || defined __WIN32          || defined __WIN32__ || defined __WINNT || defined __WINNT__)
| #endif
| 
| int
| main (void)
| {
| 
|   ;
|   return 0;
| }
configure:19294: g++ -c -g -O2 -std=c++20 -pipe  conftest.cpp >&5
conftest.cpp:33:3: error: #error defined __GNUC__ && __GNUC__ == 4 && __GNUC_MINOR__ == 5 && !defined __ICC
   33 | # error defined __GNUC__ && __GNUC__ == 4 && __GNUC_MINOR__ == 5 && !defined __ICC
      |   ^~~~~
configure:19294: $? = 1
configure: failed program was:
| /* confdefs.h */
| #define PACKAGE_NAME "LRDE Tiger Compiler"
| #define PACKAGE_TARNAME "tc"
| #define PACKAGE_VERSION "1.91.e"
| #define PACKAGE_STRING "LRDE Tiger Compiler 1.91.e"
| #define PACKAGE_BUGREPORT "tiger@lrde.epita.fr"
| #define PACKAGE_URL "http://tiger.lrde.epita.fr"
| #define PACKAGE "tc"
| #define VERSION "1.91.e"
| #define FLEX_MAJOR_VERSION 2
| #define FLEX_MINOR_VERSION 6
| #define FLEX_SUBMINOR_VERSION 4
| #define HAVE_STDIO_H 1
| #define HAVE_STDLIB_H 1
| #define HAVE_STRING_H 1
| #define HAVE_INTTYPES_H 1
| #define HAVE_STDINT_H 1
| #define HAVE_STRINGS_H 1
| #define HAVE_SYS_STAT_H 1
| #define HAVE_SYS_TYPES_H 1
| #define HAVE_UNISTD_H 1
| #define STDC_HEADERS 1
| #define HAVE_DLFCN_H 1
| #define LT_OBJDIR ".libs/"
| #define HAVE_BOOST 1
| #define HAVE_BOOST_CAST_HPP 1
| #define HAVE_BOOST_LEXICAL_CAST_HPP 1
| /* end confdefs.h.  */
| 
| #if defined __GNUC__ && __GNUC__ == 4 && __GNUC_MINOR__ == 5 && !defined __ICC
| /* OK */
| #else
| # error defined __GNUC__ && __GNUC__ == 4 && __GNUC_MINOR__ == 5 && !defined __ICC
| #endif
| 
| int
| main (void)
| {
| 
|   ;
|   return 0;
| }
configure:19294: g++ -c -g -O2 -std=c++20 -pipe  conftest.cpp >&5
conftest.cpp:33:3: error: #error defined __GNUC__ && __GNUC__ == 4 && __GNUC_MINOR__ == 4 && !defined __ICC && (defined WIN32 || defined WINNT || defined _WIN32 || defined __WIN32 || defined __WIN32__ || defined __WINNT || defined __WINNT__)
   33 | # error defined __GNUC__ && __GNUC__ == 4 && __GNUC_MINOR__ == 4 && !defined __ICC &&   (defined WIN32 || defined WINNT || defined _WIN32 || defined __WIN32          || defined __WIN32__ || defined __WINNT || defined __WINNT__)
      |   ^~~~~
configure:19294: $? = 1
configure: failed program was:
| /* confdefs.h */
| #define PACKAGE_NAME "LRDE Tiger Compiler"
| #define PACKAGE_TARNAME "tc"
| #define PACKAGE_VERSION "1.91.e"
| #define PACKAGE_STRING "LRDE Tiger Compiler 1.91.e"
| #define PACKAGE_BUGREPORT "tiger@lrde.epita.fr"
| #define PACKAGE_URL "http://tiger.lrde.epita.fr"
| #define PACKAGE "tc"
| #define VERSION "1.91.e"
| #define FLEX_MAJOR_VERSION 2
| #define FLEX_MINOR_VERSION 6
| #define FLEX_SUBMINOR_VERSION 4
| #define HAVE_STDIO_H 1
| #define HAVE_STDLIB_H 1
| #define HAVE_STRING_H 1
| #define HAVE_INTTYPES_H 1
| #define HAVE_STDINT_H 1
| #define HAVE_STRINGS_H 1
| #define HAVE_SYS_STAT_H 1
| #define HAVE_SYS_TYPES_H 1
| #define HAVE_UNISTD_H 1
| #define STDC_HEADERS 1
| #define HAVE_DLFCN_H 1
| #define LT_OBJDIR ".libs/"
| #define HAVE_BOOST 1
| #define HAVE_BOOST_CAST_HPP 1
| #define HAVE_BOOST_LEXICAL_CAST_HPP 1
| /* end confdefs.h.  */
| 
| #if defined __GNUC__ && __GNUC__ == 4 && __GNUC_MINOR__ == 4 && !defined __ICC &&   (defined WIN32 || defined WINNT || defined _WIN32 || defined __WIN32          || defined __WIN32__ || defined __WINNT || defined __WINNT__)
| /* OK */
| #else
| # error defined __GNUC__ && __GNUC__ == 4 && __GNUC_MINOR__ == 4 && !defined __ICC &&   (defined WIN32 || defined WINNT || defined _WIN32 || defined __WIN32          || defined __WIN32__ || defined __WINNT || defined __WINNT__)
| #endif
| 
| int
| main (void)
| {
| 
|   ;
|   return 0;
| }
configure:19294: g++ -c -g -O2 -std=c++20 -pipe  conftest.cpp >&5
conftest.cpp:33:3: error: #error defined __GNUC__ && __GNUC__ == 4 && __GNUC_MINOR__ == 4 && !defined __ICC
   33 | # error defined __GNUC__ && __GNUC__ == 4 && __GNUC_MINOR__ == 4 && !defined __ICC
      |   ^~~~~
configure:19294: $? = 1
configure: failed program was:
| /* confdefs.h */
| #define PACKAGE_NAME "LRDE Tiger Compiler"
| #define PACKAGE_TARNAME "tc"
| #define PACKAGE_VERSION "1.91.e"
| #define PACKAGE_STRING "LRDE Tiger Compiler 1.91.e"
| #define PACKAGE_BUGREPORT "tiger@lrde.epita.fr"
| #define PACKAGE_URL "http://tiger.lrde.epita.fr"
| #define PACKAGE "tc"
| #define VERSION "1.91.e"
| #define FLEX_MAJOR_VERSION 2
| #define FLEX_MINOR_VERSION 6
| #define FLEX_SUBMINOR_VERSION 4
| #define HAVE_STDIO_H 1
| #define HAVE_STDLIB_H 1
| #define HAVE_STRING_H 1
| #define HAVE_INTTYPES_H 1
| #define HAVE_STDINT_H 1
| #define HAVE_STRINGS_H 1
| #define HAVE_SYS_STAT_H 1
| #define HAVE_SYS_TYPES_H 1
| #define HAVE_UNISTD_H 1
| #define STDC_HEADERS 1
| #define HAVE_DLFCN_H 1
| #define LT_OBJDIR ".libs/"
| #define HAVE_BOOST 1
| #define HAVE_BOOST_CAST_HPP 1
| #define HAVE_BOOST_LEXICAL_CAST_HPP 1
| /* end confdefs.h.  */
| 
| #if defined __GNUC__ && __GNUC__ == 4 && __GNUC_MINOR__ == 4 && !defined __ICC
| /* OK */
| #else
| # error defined __GNUC__ && __GNUC__ == 4 && __GNUC_MINOR__ == 4 && !defined __ICC
| #endif
| 
| int
| main (void)
| {
| 
|   ;
|   return 0;
| }
configure:19294: g++ -c -g -O2 -std=c++20 -pipe  conftest.cpp >&5
conftest.cpp:33:3: error: #error defined __GNUC__ && __GNUC__ == 4 && __GNUC_MINOR__ == 3 && !defined __ICC && (defined WIN32 || defined WINNT || defined _WIN32 || defined __WIN32 || defined __WIN32__ || defined __WINNT || defined __WINNT__)
   33 | # error defined __GNUC__ && __GNUC__ == 4 && __GNUC_MINOR__ == 3 && !defined __ICC &&   (defined WIN32 || defined WINNT || defined _WIN32 || defined __WIN32          || defined __WIN32__ || defined __WINNT || defined __WINNT__)
      |   ^~~~~
configure:19294: $? = 1
configure: failed program was:
| /* confdefs.h */
| #define PACKAGE_NAME "LRDE Tiger Compiler"
| #define PACKAGE_TARNAME "tc"
| #define PACKAGE_VERSION "1.91.e"
| #define PACKAGE_STRING "LRDE Tiger Compiler 1.91.e"
| #define PACKAGE_BUGREPORT "tiger@lrde.epita.fr"
| #define PACKAGE_URL "http://tiger.lrde.epita.fr"
| #define PACKAGE "tc"
| #define VERSION "1.91.e"
| #define FLEX_MAJOR_VERSION 2
| #define FLEX_MINOR_VERSION 6
| #define FLEX_SUBMINOR_VERSION 4
| #define HAVE_STDIO_H 1
| #define HAVE_STDLIB_H 1
| #define HAVE_STRING_H 1
| #define HAVE_INTTYPES_H 1
| #define HAVE_STDINT_H 1
| #define HAVE_STRINGS_H 1
| #define HAVE_SYS_STAT_H 1
| #define HAVE_SYS_TYPES_H 1
| #define HAVE_UNISTD_H 1
| #define STDC_HEADERS 1
| #define HAVE_DLFCN_H 1
| #define LT_OBJDIR ".libs/"
| #define HAVE_BOOST 1
| #define HAVE_BOOST_CAST_HPP 1
| #define HAVE_BOOST_LEXICAL_CAST_HPP 1
| /* end confdefs.h.  */
| 
| #if defined __GNUC__ && __GNUC__ == 4 && __GNUC_MINOR__ == 3 && !defined __ICC &&   (defined WIN32 || defined WINNT || defined _WIN32 || defined __WIN32          || defined __WIN32__ || defined __WINNT || defined __WINNT__)
| /* OK */
| #else
| # error defined __GNUC__ && __GNUC__ == 4 && __GNUC_MINOR__ == 3 && !defined __ICC &&   (defined WIN32 || defined WINNT || defined _WIN32 || defined __WIN32          || defined __WIN32__ || defined __WINNT || defined __WINNT__)
| #endif
| 
| int
| main (void)
| {
| 
|   ;
|   return 0;
| }
configure:19294: g++ -c -g -O2 -std=c++20 -pipe  conftest.cpp >&5
conftest.cpp:33:3: error: #error defined __GNUC__ && __GNUC__ == 4 && __GNUC_MINOR__ == 3 && !defined __ICC
   33 | # error defined __GNUC__ && __GNUC__ == 4 && __GNUC_MINOR__ == 3 && !defined __ICC
      |   ^~~~~
configure:19294: $? = 1
configure: failed program was:
| /* confdefs.h */
| #define PACKAGE_NAME "LRDE Tiger Compiler"
| #define PACKAGE_TARNAME "tc"
| #define PACKAGE_VERSION "1.91.e"
| #define PACKAGE_STRING "LRDE Tiger Compiler 1.91.e"
| #define PACKAGE_BUGREPORT "tiger@lrde.epita.fr"
| #define PACKAGE_URL "http://tiger.lrde.epita.fr"
| #define PACKAGE "tc"
| #define VERSION "1.91.e"
| #define FLEX_MAJOR_VERSION 2
| #define FLEX_MINOR_VERSION 6
| #define FLEX_SUBMINOR_VERSION 4
| #define HAVE_STDIO_H 1
| #define HAVE_STDLIB_H 1
| #define HAVE_STRING_H 1
| #define HAVE_INTTYPES_H 1
| #define HAVE_STDINT_H 1
| #define HAVE_STRINGS_H 1
| #define HAVE_SYS_STAT_H 1
| #define HAVE_SYS_TYPES_H 1
| #define HAVE_UNISTD_H 1
| #define STDC_HEADERS 1
| #define HAVE_DLFCN_H 1
| #define LT_OBJDIR ".libs/"
| #define HAVE_BOOST 1
| #define HAVE_BOOST_CAST_HPP 1
| #define HAVE_BOOST_LEXICAL_CAST_HPP 1
| /* end confdefs.h.  */
| 
| #if defined __GNUC__ && __GNUC__ == 4 && __GNUC_MINOR__ == 3 && !defined __ICC
| /* OK */
| #else
| # error defined __GNUC__ && __GNUC__ == 4 && __GNUC_MINOR__ == 3 && !defined __ICC
| #endif
| 
| int
| main (void)
| {
| 
|   ;
|   return 0;
| }
configure:19294: g++ -c -g -O2 -std=c++20 -pipe  conftest.cpp >&5
conftest.cpp:33:3: error: #error defined __GNUC__ && __GNUC__ == 4 && __GNUC_MINOR__ == 2 && !defined __ICC && (defined WIN32 || defined WINNT || defined _WIN32 || defined __WIN32 || defined __WIN32__ || defined __WINNT || defined __WINNT__)
   33 | # error defined __GNUC__ && __GNUC__ == 4 && __GNUC_MINOR__ == 2 && !defined __ICC &&   (defined WIN32 || defined WINNT || defined _WIN32 || defined __WIN32          || defined __WIN32__ || defined __WINNT || defined __WINNT__)
      |   ^~~~~
configure:19294: $? = 1
configure: failed program was:
| /* confdefs.h */
| #define PACKAGE_NAME "LRDE Tiger Compiler"
| #define PACKAGE_TARNAME "tc"
| #define PACKAGE_VERSION "1.91.e"
| #define PACKAGE_STRING "LRDE Tiger Compiler 1.91.e"
| #define PACKAGE_BUGREPORT "tiger@lrde.epita.fr"
| #define PACKAGE_URL "http://tiger.lrde.epita.fr"
| #define PACKAGE "tc"
| #define VERSION "1.91.e"
| #define FLEX_MAJOR_VERSION 2
| #define FLEX_MINOR_VERSION 6
| #define FLEX_SUBMINOR_VERSION 4
| #define HAVE_STDIO_H 1
| #define HAVE_STDLIB_H 1
| #define HAVE_STRING_H 1
| #define HAVE_INTTYPES_H 1
| #define HAVE_STDINT_H 1
| #define HAVE_STRINGS_H 1
| #define HAVE_SYS_STAT_H 1
| #define HAVE_SYS_TYPES_H 1
| #define HAVE_UNISTD_H 1
| #define STDC_HEADERS 1
| #define HAVE_DLFCN_H 1
| #define LT_OBJDIR ".libs/"
| #define HAVE_BOOST 1
| #define HAVE_BOOST_CAST_HPP 1
| #define HAVE_BOOST_LEXICAL_CAST_HPP 1
| /* end confdefs.h.  */
| 
| #if defined __GNUC__ && __GNUC__ == 4 && __GNUC_MINOR__ == 2 && !defined __ICC &&   (defined WIN32 || defined WINNT || defined _WIN32 || defined __WIN32          || defined __WIN32__ || defined __WINNT || defined __WINNT__)
| /* OK */
| #else
| # error defined __GNUC__ && __GNUC__ == 4 && __GNUC_MINOR__ == 2 && !defined __ICC &&   (defined WIN32 || defined WINNT || defined _WIN32 || defined __WIN32          || defined __WIN32__ || defined __WINNT || defined __WINNT__)
| #endif
| 
| int
| main (void)
| {
| 
|   ;
|   return 0;
| }
configure:19294: g++ -c -g -O2 -std=c++20 -pipe  conftest.cpp >&5
conftest.cpp:33:3: error: #error defined __GNUC__ && __GNUC__ == 4 && __GNUC_MINOR__ == 2 && !defined __ICC
   33 | # error defined __GNUC__ && __GNUC__ == 4 && __GNUC_MINOR__ == 2 && !defined __ICC
      |   ^~~~~
configure:19294: $? = 1
configure: failed program was:
| /* confdefs.h */
| #define PACKAGE_NAME "LRDE Tiger Compiler"
| #define PACKAGE_TARNAME "tc"
| #define PACKAGE_VERSION "1.91.e"
| #define PACKAGE_STRING "LRDE Tiger Compiler 1.91.e"
| #define PACKAGE_BUGREPORT "tiger@lrde.epita.fr"
| #define PACKAGE_URL "http://tiger.lrde.epita.fr"
| #define PACKAGE "tc"
| #define VERSION "1.91.e"
| #define FLEX_MAJOR_VERSION 2
| #define FLEX_MINOR_VERSION 6
| #define FLEX_SUBMINOR_VERSION 4
| #define HAVE_STDIO_H 1
| #define HAVE_STDLIB_H 1
| #define HAVE_STRING_H 1
| #define HAVE_INTTYPES_H 1
| #define HAVE_STDINT_H 1
| #define HAVE_STRINGS_H 1
| #define HAVE_SYS_STAT_H 1
| #define HAVE_SYS_TYPES_H 1
| #define HAVE_UNISTD_H 1
| #define STDC_HEADERS 1
| #define HAVE_DLFCN_H 1
| #define LT_OBJDIR ".libs/"
| #define HAVE_BOOST 1
| #define HAVE_BOOST_CAST_HPP 1
| #define HAVE_BOOST_LEXICAL_CAST_HPP 1
| /* end confdefs.h.  */
| 
| #if defined __GNUC__ && __GNUC__ == 4 && __GNUC_MINOR__ == 2 && !defined __ICC
| /* OK */
| #else
| # error defined __GNUC__ && __GNUC__ == 4 && __GNUC_MINOR__ == 2 && !defined __ICC
| #endif
| 
| int
| main (void)
| {
| 
|   ;
|   return 0;
| }
configure:19294: g++ -c -g -O2 -std=c++20 -pipe  conftest.cpp >&5
conftest.cpp:33:3: error: #error defined __GNUC__ && __GNUC__ == 4 && __GNUC_MINOR__ == 1 && !defined __ICC && (defined WIN32 || defined WINNT || defined _WIN32 || defined __WIN32 || defined __WIN32__ || defined __WINNT || defined __WINNT__)
   33 | # error defined __GNUC__ && __GNUC__ == 4 && __GNUC_MINOR__ == 1 && !defined __ICC &&   (defined WIN32 || defined WINNT || defined _WIN32 || defined __WIN32          || defined __WIN32__ || defined __WINNT || defined __WINNT__)
      |   ^~~~~
configure:19294: $? = 1
configure: failed program was:
| /* confdefs.h */
| #define PACKAGE_NAME "LRDE Tiger Compiler"
| #define PACKAGE_TARNAME "tc"
| #define PACKAGE_VERSION "1.91.e"
| #define PACKAGE_STRING "LRDE Tiger Compiler 1.91.e"
| #define PACKAGE_BUGREPORT "tiger@lrde.epita.fr"
| #define PACKAGE_URL "http://tiger.lrde.epita.fr"
| #define PACKAGE "tc"
| #define VERSION "1.91.e"
| #define FLEX_MAJOR_VERSION 2
| #define FLEX_MINOR_VERSION 6
| #define FLEX_SUBMINOR_VERSION 4
| #define HAVE_STDIO_H 1
| #define HAVE_STDLIB_H 1
| #define HAVE_STRING_H 1
| #define HAVE_INTTYPES_H 1
| #define HAVE_STDINT_H 1
| #define HAVE_STRINGS_H 1
| #define HAVE_SYS_STAT_H 1
| #define HAVE_SYS_TYPES_H 1
| #define HAVE_UNISTD_H 1
| #define STDC_HEADERS 1
| #define HAVE_DLFCN_H 1
| #define LT_OBJDIR ".libs/"
| #define HAVE_BOOST 1
| #define HAVE_BOOST_CAST_HPP 1
| #define HAVE_BOOST_LEXICAL_CAST_HPP 1
| /* end confdefs.h.  */
| 
| #if defined __GNUC__ && __GNUC__ == 4 && __GNUC_MINOR__ == 1 && !defined __ICC &&   (defined WIN32 || defined WINNT || defined _WIN32 || defined __WIN32          || defined __WIN32__ || defined __WINNT || defined __WINNT__)
| /* OK */
| #else
| # error defined __GNUC__ && __GNUC__ == 4 && __GNUC_MINOR__ == 1 && !defined __ICC &&   (defined WIN32 || defined WINNT || defined _WIN32 || defined __WIN32          || defined __WIN32__ || defined __WINNT || defined __WINNT__)
| #endif
| 
| int
| main (void)
| {
| 
|   ;
|   return 0;
| }
configure:19294: g++ -c -g -O2 -std=c++20 -pipe  conftest.cpp >&5
conftest.cpp:33:3: error: #error defined __GNUC__ && __GNUC__ == 4 && __GNUC_MINOR__ == 1 && !defined __ICC
   33 | # error defined __GNUC__ && __GNUC__ == 4 && __GNUC_MINOR__ == 1 && !defined __ICC
      |   ^~~~~
configure:19294: $? = 1
configure: failed program was:
| /* confdefs.h */
| #define PACKAGE_NAME "LRDE Tiger Compiler"
| #define PACKAGE_TARNAME "tc"
| #define PACKAGE_VERSION "1.91.e"
| #define PACKAGE_STRING "LRDE Tiger Compiler 1.91.e"
| #define PACKAGE_BUGREPORT "tiger@lrde.epita.fr"
| #define PACKAGE_URL "http://tiger.lrde.epita.fr"
| #define PACKAGE "tc"
| #define VERSION "1.91.e"
| #define FLEX_MAJOR_VERSION 2
| #define FLEX_MINOR_VERSION 6
| #define FLEX_SUBMINOR_VERSION 4
| #define HAVE_STDIO_H 1
| #define HAVE_STDLIB_H 1
| #define HAVE_STRING_H 1
| #define HAVE_INTTYPES_H 1
| #define HAVE_STDINT_H 1
| #define HAVE_STRINGS_H 1
| #define HAVE_SYS_STAT_H 1
| #define HAVE_SYS_TYPES_H 1
| #define HAVE_UNISTD_H 1
| #define STDC_HEADERS 1
| #define HAVE_DLFCN_H 1
| #define LT_OBJDIR ".libs/"
| #define HAVE_BOOST 1
| #define HAVE_BOOST_CAST_HPP 1
| #define HAVE_BOOST_LEXICAL_CAST_HPP 1
| /* end confdefs.h.  */
| 
| #if defined __GNUC__ && __GNUC__ == 4 && __GNUC_MINOR__ == 1 && !defined __ICC
| /* OK */
| #else
| # error defined __GNUC__ && __GNUC__ == 4 && __GNUC_MINOR__ == 1 && !defined __ICC
| #endif
| 
| int
| main (void)
| {
| 
|   ;
|   return 0;
| }
configure:19294: g++ -c -g -O2 -std=c++20 -pipe  conftest.cpp >&5
conftest.cpp:33:3: error: #error defined __GNUC__ && __GNUC__ == 4 && __GNUC_MINOR__ == 0 && !defined __ICC && (defined WIN32 || defined WINNT || defined _WIN32 || defined __WIN32 || defined __WIN32__ || defined __WINNT || defined __WINNT__)
   33 | # error defined __GNUC__ && __GNUC__ == 4 && __GNUC_MINOR__ == 0 && !defined __ICC &&   (defined WIN32 || defined WINNT || defined _WIN32 || defined __WIN32          || defined __WIN32__ || defined __WINNT || defined __WINNT__)
      |   ^~~~~
configure:19294: $? = 1
configure: failed program was:
| /* confdefs.h */
| #define PACKAGE_NAME "LRDE Tiger Compiler"
| #define PACKAGE_TARNAME "tc"
| #define PACKAGE_VERSION "1.91.e"
| #define PACKAGE_STRING "LRDE Tiger Compiler 1.91.e"
| #define PACKAGE_BUGREPORT "tiger@lrde.epita.fr"
| #define PACKAGE_URL "http://tiger.lrde.epita.fr"
| #define PACKAGE "tc"
| #define VERSION "1.91.e"
| #define FLEX_MAJOR_VERSION 2
| #define FLEX_MINOR_VERSION 6
| #define FLEX_SUBMINOR_VERSION 4
| #define HAVE_STDIO_H 1
| #define HAVE_STDLIB_H 1
| #define HAVE_STRING_H 1
| #define HAVE_INTTYPES_H 1
| #define HAVE_STDINT_H 1
| #define HAVE_STRINGS_H 1
| #define HAVE_SYS_STAT_H 1
| #define HAVE_SYS_TYPES_H 1
| #define HAVE_UNISTD_H 1
| #define STDC_HEADERS 1
| #define HAVE_DLFCN_H 1
| #define LT_OBJDIR ".libs/"
| #define HAVE_BOOST 1
| #define HAVE_BOOST_CAST_HPP 1
| #define HAVE_BOOST_LEXICAL_CAST_HPP 1
| /* end confdefs.h.  */
| 
| #if defined __GNUC__ && __GNUC__ == 4 && __GNUC_MINOR__ == 0 && !defined __ICC &&   (defined WIN32 || defined WINNT || defined _WIN32 || defined __WIN32          || defined __WIN32__ || defined __WINNT || defined __WINNT__)
| /* OK */
| #else
| # error defined __GNUC__ && __GNUC__ == 4 && __GNUC_MINOR__ == 0 && !defined __ICC &&   (defined WIN32 || defined WINNT || defined _WIN32 || defined __WIN32          || defined __WIN32__ || defined __WINNT || defined __WINNT__)
| #endif
| 
| int
| main (void)
| {
| 
|   ;
|   return 0;
| }
configure:19294: g++ -c -g -O2 -std=c++20 -pipe  conftest.cpp >&5
conftest.cpp:33:3: error: #error defined __GNUC__ && __GNUC__ == 4 && __GNUC_MINOR__ == 0 && !defined __ICC
   33 | # error defined __GNUC__ && __GNUC__ == 4 && __GNUC_MINOR__ == 0 && !defined __ICC
      |   ^~~~~
configure:19294: $? = 1
configure: failed program was:
| /* confdefs.h */
| #define PACKAGE_NAME "LRDE Tiger Compiler"
| #define PACKAGE_TARNAME "tc"
| #define PACKAGE_VERSION "1.91.e"
| #define PACKAGE_STRING "LRDE Tiger Compiler 1.91.e"
| #define PACKAGE_BUGREPORT "tiger@lrde.epita.fr"
| #define PACKAGE_URL "http://tiger.lrde.epita.fr"
| #define PACKAGE "tc"
| #define VERSION "1.91.e"
| #define FLEX_MAJOR_VERSION 2
| #define FLEX_MINOR_VERSION 6
| #define FLEX_SUBMINOR_VERSION 4
| #define HAVE_STDIO_H 1
| #define HAVE_STDLIB_H 1
| #define HAVE_STRING_H 1
| #define HAVE_INTTYPES_H 1
| #define HAVE_STDINT_H 1
| #define HAVE_STRINGS_H 1
| #define HAVE_SYS_STAT_H 1
| #define HAVE_SYS_TYPES_H 1
| #define HAVE_UNISTD_H 1
| #define STDC_HEADERS 1
| #define HAVE_DLFCN_H 1
| #define LT_OBJDIR ".libs/"
| #define HAVE_BOOST 1
| #define HAVE_BOOST_CAST_HPP 1
| #define HAVE_BOOST_LEXICAL_CAST_HPP 1
| /* end confdefs.h.  */
| 
| #if defined __GNUC__ && __GNUC__ == 4 && __GNUC_MINOR__ == 0 && !defined __ICC
| /* OK */
| #else
| # error defined __GNUC__ && __GNUC__ == 4 && __GNUC_MINOR__ == 0 && !defined __ICC
| #endif
| 
| int
| main (void)
| {
| 
|   ;
|   return 0;
| }
configure:19294: g++ -c -g -O2 -std=c++20 -pipe  conftest.cpp >&5
conftest.cpp:33:3: error: #error defined __GNUC__ && __GNUC__ == 3 && !defined __ICC && (defined WIN32 || defined WINNT || defined _WIN32 || defined __WIN32 || defined __WIN32__ || defined __WINNT || defined __WINNT__)
   33 | # error defined __GNUC__ && __GNUC__ == 3 && !defined __ICC      && (defined WIN32 || defined WINNT || defined _WIN32 || defined __WIN32          || defined __WIN32__ || defined __WINNT || defined __WINNT__)
      |   ^~~~~
configure:19294: $? = 1
configure: failed program was:
| /* confdefs.h */
| #define PACKAGE_NAME "LRDE Tiger Compiler"
| #define PACKAGE_TARNAME "tc"
| #define PACKAGE_VERSION "1.91.e"
| #define PACKAGE_STRING "LRDE Tiger Compiler 1.91.e"
| #define PACKAGE_BUGREPORT "tiger@lrde.epita.fr"
| #define PACKAGE_URL "http://tiger.lrde.epita.fr"
| #define PACKAGE "tc"
| #define VERSION "1.91.e"
| #define FLEX_MAJOR_VERSION 2
| #define FLEX_MINOR_VERSION 6
| #define FLEX_SUBMINOR_VERSION 4
| #define HAVE_STDIO_H 1
| #define HAVE_STDLIB_H 1
| #define HAVE_STRING_H 1
| #define HAVE_INTTYPES_H 1
| #define HAVE_STDINT_H 1
| #define HAVE_STRINGS_H 1
| #define HAVE_SYS_STAT_H 1
| #define HAVE_SYS_TYPES_H 1
| #define HAVE_UNISTD_H 1
| #define STDC_HEADERS 1
| #define HAVE_DLFCN_H 1
| #define LT_OBJDIR ".libs/"
| #define HAVE_BOOST 1
| #define HAVE_BOOST_CAST_HPP 1
| #define HAVE_BOOST_LEXICAL_CAST_HPP 1
| /* end confdefs.h.  */
| 
| #if defined __GNUC__ && __GNUC__ == 3 && !defined __ICC      && (defined WIN32 || defined WINNT || defined _WIN32 || defined __WIN32          || defined __WIN32__ || defined __WINNT || defined __WINNT__)
| /* OK */
| #else
| # error defined __GNUC__ && __GNUC__ == 3 && !defined __ICC      && (defined WIN32 || defined WINNT || defined _WIN32 || defined __WIN32          || defined __WIN32__ || defined __WINNT || defined __WINNT__)
| #endif
| 
| int
| main (void)
| {
| 
|   ;
|   return 0;
| }
configure:19294: g++ -c -g -O2 -std=c++20 -pipe  conftest.cpp >&5
conftest.cpp:33:3: error: #error defined __GNUC__ && __GNUC__ == 3 && __GNUC_MINOR__ == 4 && !defined __ICC
   33 | # error defined __GNUC__ && __GNUC__ == 3 && __GNUC_MINOR__ == 4 && !defined __ICC
      |   ^~~~~
configure:19294: $? = 1
configure: failed program was:
| /* confdefs.h */
| #define PACKAGE_NAME "LRDE Tiger Compiler"
| #define PACKAGE_TARNAME "tc"
| #define PACKAGE_VERSION "1.91.e"
| #define PACKAGE_STRING "LRDE Tiger Compiler 1.91.e"
| #define PACKAGE_BUGREPORT "tiger@lrde.epita.fr"
| #define PACKAGE_URL "http://tiger.lrde.epita.fr"
| #define PACKAGE "tc"
| #define VERSION "1.91.e"
| #define FLEX_MAJOR_VERSION 2
| #define FLEX_MINOR_VERSION 6
| #define FLEX_SUBMINOR_VERSION 4
| #define HAVE_STDIO_H 1
| #define HAVE_STDLIB_H 1
| #define HAVE_STRING_H 1
| #define HAVE_INTTYPES_H 1
| #define HAVE_STDINT_H 1
| #define HAVE_STRINGS_H 1
| #define HAVE_SYS_STAT_H 1
| #define HAVE_SYS_TYPES_H 1
| #define HAVE_UNISTD_H 1
| #define STDC_HEADERS 1
| #define HAVE_DLFCN_H 1
| #define LT_OBJDIR ".libs/"
| #define HAVE_BOOST 1
| #define HAVE_BOOST_CAST_HPP 1
| #define HAVE_BOOST_LEXICAL_CAST_HPP 1
| /* end confdefs.h.  */
| 
| #if defined __GNUC__ && __GNUC__ == 3 && __GNUC_MINOR__ == 4 && !defined __ICC
| /* OK */
| #else
| # error defined __GNUC__ && __GNUC__ == 3 && __GNUC_MINOR__ == 4 && !defined __ICC
| #endif
| 
| int
| main (void)
| {
| 
|   ;
|   return 0;
| }
configure:19294: g++ -c -g -O2 -std=c++20 -pipe  conftest.cpp >&5
conftest.cpp:33:3: error: #error defined __GNUC__ && __GNUC__ == 3 && __GNUC_MINOR__ == 3 && !defined __ICC
   33 | # error defined __GNUC__ && __GNUC__ == 3 && __GNUC_MINOR__ == 3 && !defined __ICC
      |   ^~~~~
configure:19294: $? = 1
configure: failed program was:
| /* confdefs.h */
| #define PACKAGE_NAME "LRDE Tiger Compiler"
| #define PACKAGE_TARNAME "tc"
| #define PACKAGE_VERSION "1.91.e"
| #define PACKAGE_STRING "LRDE Tiger Compiler 1.91.e"
| #define PACKAGE_BUGREPORT "tiger@lrde.epita.fr"
| #define PACKAGE_URL "http://tiger.lrde.epita.fr"
| #define PACKAGE "tc"
| #define VERSION "1.91.e"
| #define FLEX_MAJOR_VERSION 2
| #define FLEX_MINOR_VERSION 6
| #define FLEX_SUBMINOR_VERSION 4
| #define HAVE_STDIO_H 1
| #define HAVE_STDLIB_H 1
| #define HAVE_STRING_H 1
| #define HAVE_INTTYPES_H 1
| #define HAVE_STDINT_H 1
| #define HAVE_STRINGS_H 1
| #define HAVE_SYS_STAT_H 1
| #define HAVE_SYS_TYPES_H 1
| #define HAVE_UNISTD_H 1
| #define STDC_HEADERS 1
| #define HAVE_DLFCN_H 1
| #define LT_OBJDIR ".libs/"
| #define HAVE_BOOST 1
| #define HAVE_BOOST_CAST_HPP 1
| #define HAVE_BOOST_LEXICAL_CAST_HPP 1
| /* end confdefs.h.  */
| 
| #if defined __GNUC__ && __GNUC__ == 3 && __GNUC_MINOR__ == 3 && !defined __ICC
| /* OK */
| #else
| # error defined __GNUC__ && __GNUC__ == 3 && __GNUC_MINOR__ == 3 && !defined __ICC
| #endif
| 
| int
| main (void)
| {
| 
|   ;
|   return 0;
| }
configure:19294: g++ -c -g -O2 -std=c++20 -pipe  conftest.cpp >&5
conftest.cpp:33:3: error: #error defined _MSC_VER && _MSC_VER >= 1500
   33 | # error defined _MSC_VER && _MSC_VER >= 1500
      |   ^~~~~
configure:19294: $? = 1
configure: failed program was:
| /* confdefs.h */
| #define PACKAGE_NAME "LRDE Tiger Compiler"
| #define PACKAGE_TARNAME "tc"
| #define PACKAGE_VERSION "1.91.e"
| #define PACKAGE_STRING "LRDE Tiger Compiler 1.91.e"
| #define PACKAGE_BUGREPORT "tiger@lrde.epita.fr"
| #define PACKAGE_URL "http://tiger.lrde.epita.fr"
| #define PACKAGE "tc"
| #define VERSION "1.91.e"
| #define FLEX_MAJOR_VERSION 2
| #define FLEX_MINOR_VERSION 6
| #define FLEX_SUBMINOR_VERSION 4
| #define HAVE_STDIO_H 1
| #define HAVE_STDLIB_H 1
| #define HAVE_STRING_H 1
| #define HAVE_INTTYPES_H 1
| #define HAVE_STDINT_H 1
| #define HAVE_STRINGS_H 1
| #define HAVE_SYS_STAT_H 1
| #define HAVE_SYS_TYPES_H 1
| #define HAVE_UNISTD_H 1
| #define STDC_HEADERS 1
| #define HAVE_DLFCN_H 1
| #define LT_OBJDIR ".libs/"
| #define HAVE_BOOST 1
| #define HAVE_BOOST_CAST_HPP 1
| #define HAVE_BOOST_LEXICAL_CAST_HPP 1
| /* end confdefs.h.  */
| 
| #if defined _MSC_VER && _MSC_VER >= 1500
| /* OK */
| #else
| # error defined _MSC_VER && _MSC_VER >= 1500
| #endif
| 
| int
| main (void)
| {
| 
|   ;
|   return 0;
| }
configure:19294: g++ -c -g -O2 -std=c++20 -pipe  conftest.cpp >&5
conftest.cpp:33:3: error: #error defined _MSC_VER && _MSC_VER == 1400
   33 | # error defined _MSC_VER && _MSC_VER == 1400
      |   ^~~~~
configure:19294: $? = 1
configure: failed program was:
| /* confdefs.h */
| #define PACKAGE_NAME "LRDE Tiger Compiler"
| #define PACKAGE_TARNAME "tc"
| #define PACKAGE_VERSION "1.91.e"
| #define PACKAGE_STRING "LRDE Tiger Compiler 1.91.e"
| #define PACKAGE_BUGREPORT "tiger@lrde.epita.fr"
| #define PACKAGE_URL "http://tiger.lrde.epita.fr"
| #define PACKAGE "tc"
| #define VERSION "1.91.e"
| #define FLEX_MAJOR_VERSION 2
| #define FLEX_MINOR_VERSION 6
| #define FLEX_SUBMINOR_VERSION 4
| #define HAVE_STDIO_H 1
| #define HAVE_STDLIB_H 1
| #define HAVE_STRING_H 1
| #define HAVE_INTTYPES_H 1
| #define HAVE_STDINT_H 1
| #define HAVE_STRINGS_H 1
| #define HAVE_SYS_STAT_H 1
| #define HAVE_SYS_TYPES_H 1
| #define HAVE_UNISTD_H 1
| #define STDC_HEADERS 1
| #define HAVE_DLFCN_H 1
| #define LT_OBJDIR ".libs/"
| #define HAVE_BOOST 1
| #define HAVE_BOOST_CAST_HPP 1
| #define HAVE_BOOST_LEXICAL_CAST_HPP 1
| /* end confdefs.h.  */
| 
| #if defined _MSC_VER && _MSC_VER == 1400
| /* OK */
| #else
| # error defined _MSC_VER && _MSC_VER == 1400
| #endif
| 
| int
| main (void)
| {
| 
|   ;
|   return 0;
| }
configure:19294: g++ -c -g -O2 -std=c++20 -pipe  conftest.cpp >&5
conftest.cpp:33:3: error: #error defined __GNUC__ && __GNUC__ == 3 && __GNUC_MINOR__ == 2 && !defined __ICC
   33 | # error defined __GNUC__ && __GNUC__ == 3 && __GNUC_MINOR__ == 2 && !defined __ICC
      |   ^~~~~
configure:19294: $? = 1
configure: failed program was:
| /* confdefs.h */
| #define PACKAGE_NAME "LRDE Tiger Compiler"
| #define PACKAGE_TARNAME "tc"
| #define PACKAGE_VERSION "1.91.e"
| #define PACKAGE_STRING "LRDE Tiger Compiler 1.91.e"
| #define PACKAGE_BUGREPORT "tiger@lrde.epita.fr"
| #define PACKAGE_URL "http://tiger.lrde.epita.fr"
| #define PACKAGE "tc"
| #define VERSION "1.91.e"
| #define FLEX_MAJOR_VERSION 2
| #define FLEX_MINOR_VERSION 6
| #define FLEX_SUBMINOR_VERSION 4
| #define HAVE_STDIO_H 1
| #define HAVE_STDLIB_H 1
| #define HAVE_STRING_H 1
| #define HAVE_INTTYPES_H 1
| #define HAVE_STDINT_H 1
| #define HAVE_STRINGS_H 1
| #define HAVE_SYS_STAT_H 1
| #define HAVE_SYS_TYPES_H 1
| #define HAVE_UNISTD_H 1
| #define STDC_HEADERS 1
| #define HAVE_DLFCN_H 1
| #define LT_OBJDIR ".libs/"
| #define HAVE_BOOST 1
| #define HAVE_BOOST_CAST_HPP 1
| #define HAVE_BOOST_LEXICAL_CAST_HPP 1
| /* end confdefs.h.  */
| 
| #if defined __GNUC__ && __GNUC__ == 3 && __GNUC_MINOR__ == 2 && !defined __ICC
| /* OK */
| #else
| # error defined __GNUC__ && __GNUC__ == 3 && __GNUC_MINOR__ == 2 && !defined __ICC
| #endif
| 
| int
| main (void)
| {
| 
|   ;
|   return 0;
| }
configure:19294: g++ -c -g -O2 -std=c++20 -pipe  conftest.cpp >&5
conftest.cpp:33:3: error: #error defined _MSC_VER && _MSC_VER == 1310
   33 | # error defined _MSC_VER && _MSC_VER == 1310
      |   ^~~~~
configure:19294: $? = 1
configure: failed program was:
| /* confdefs.h */
| #define PACKAGE_NAME "LRDE Tiger Compiler"
| #define PACKAGE_TARNAME "tc"
| #define PACKAGE_VERSION "1.91.e"
| #define PACKAGE_STRING "LRDE Tiger Compiler 1.91.e"
| #define PACKAGE_BUGREPORT "tiger@lrde.epita.fr"
| #define PACKAGE_URL "http://tiger.lrde.epita.fr"
| #define PACKAGE "tc"
| #define VERSION "1.91.e"
| #define FLEX_MAJOR_VERSION 2
| #define FLEX_MINOR_VERSION 6
| #define FLEX_SUBMINOR_VERSION 4
| #define HAVE_STDIO_H 1
| #define HAVE_STDLIB_H 1
| #define HAVE_STRING_H 1
| #define HAVE_INTTYPES_H 1
| #define HAVE_STDINT_H 1
| #define HAVE_STRINGS_H 1
| #define HAVE_SYS_STAT_H 1
| #define HAVE_SYS_TYPES_H 1
| #define HAVE_UNISTD_H 1
| #define STDC_HEADERS 1
| #define HAVE_DLFCN_H 1
| #define LT_OBJDIR ".libs/"
| #define HAVE_BOOST 1
| #define HAVE_BOOST_CAST_HPP 1
| #define HAVE_BOOST_LEXICAL_CAST_HPP 1
| /* end confdefs.h.  */
| 
| #if defined _MSC_VER && _MSC_VER == 1310
| /* OK */
| #else
| # error defined _MSC_VER && _MSC_VER == 1310
| #endif
| 
| int
| main (void)
| {
| 
|   ;
|   return 0;
| }
configure:19294: g++ -c -g -O2 -std=c++20 -pipe  conftest.cpp >&5
conftest.cpp:33:3: error: #error defined __GNUC__ && __GNUC__ == 3 && __GNUC_MINOR__ == 1 && !defined __ICC
   33 | # error defined __GNUC__ && __GNUC__ == 3 && __GNUC_MINOR__ == 1 && !defined __ICC
      |   ^~~~~
configure:19294: $? = 1
configure: failed program was:
| /* confdefs.h */
| #define PACKAGE_NAME "LRDE Tiger Compiler"
| #define PACKAGE_TARNAME "tc"
| #define PACKAGE_VERSION "1.91.e"
| #define PACKAGE_STRING "LRDE Tiger Compiler 1.91.e"
| #define PACKAGE_BUGREPORT "tiger@lrde.epita.fr"
| #define PACKAGE_URL "http://tiger.lrde.epita.fr"
| #define PACKAGE "tc"
| #define VERSION "1.91.e"
| #define FLEX_MAJOR_VERSION 2
| #define FLEX_MINOR_VERSION 6
| #define FLEX_SUBMINOR_VERSION 4
| #define HAVE_STDIO_H 1
| #define HAVE_STDLIB_H 1
| #define HAVE_STRING_H 1
| #define HAVE_INTTYPES_H 1
| #define HAVE_STDINT_H 1
| #define HAVE_STRINGS_H 1
| #define HAVE_SYS_STAT_H 1
| #define HAVE_SYS_TYPES_H 1
| #define HAVE_UNISTD_H 1
| #define STDC_HEADERS 1
| #define HAVE_DLFCN_H 1
| #define LT_OBJDIR ".libs/"
| #define HAVE_BOOST 1
| #define HAVE_BOOST_CAST_HPP 1
| #define HAVE_BOOST_LEXICAL_CAST_HPP 1
| /* end confdefs.h.  */
| 
| #if defined __GNUC__ && __GNUC__ == 3 && __GNUC_MINOR__ == 1 && !defined __ICC
| /* OK */
| #else
| # error defined __GNUC__ && __GNUC__ == 3 && __GNUC_MINOR__ == 1 && !defined __ICC
| #endif
| 
| int
| main (void)
| {
| 
|   ;
|   return 0;
| }
configure:19294: g++ -c -g -O2 -std=c++20 -pipe  conftest.cpp >&5
conftest.cpp:33:3: error: #error defined __GNUC__ && __GNUC__ == 3 && __GNUC_MINOR__ == 0 && !defined __ICC
   33 | # error defined __GNUC__ && __GNUC__ == 3 && __GNUC_MINOR__ == 0 && !defined __ICC
      |   ^~~~~
configure:19294: $? = 1
configure: failed program was:
| /* confdefs.h */
| #define PACKAGE_NAME "LRDE Tiger Compiler"
| #define PACKAGE_TARNAME "tc"
| #define PACKAGE_VERSION "1.91.e"
| #define PACKAGE_STRING "LRDE Tiger Compiler 1.91.e"
| #define PACKAGE_BUGREPORT "tiger@lrde.epita.fr"
| #define PACKAGE_URL "http://tiger.lrde.epita.fr"
| #define PACKAGE "tc"
| #define VERSION "1.91.e"
| #define FLEX_MAJOR_VERSION 2
| #define FLEX_MINOR_VERSION 6
| #define FLEX_SUBMINOR_VERSION 4
| #define HAVE_STDIO_H 1
| #define HAVE_STDLIB_H 1
| #define HAVE_STRING_H 1
| #define HAVE_INTTYPES_H 1
| #define HAVE_STDINT_H 1
| #define HAVE_STRINGS_H 1
| #define HAVE_SYS_STAT_H 1
| #define HAVE_SYS_TYPES_H 1
| #define HAVE_UNISTD_H 1
| #define STDC_HEADERS 1
| #define HAVE_DLFCN_H 1
| #define LT_OBJDIR ".libs/"
| #define HAVE_BOOST 1
| #define HAVE_BOOST_CAST_HPP 1
| #define HAVE_BOOST_LEXICAL_CAST_HPP 1
| /* end confdefs.h.  */
| 
| #if defined __GNUC__ && __GNUC__ == 3 && __GNUC_MINOR__ == 0 && !defined __ICC
| /* OK */
| #else
| # error defined __GNUC__ && __GNUC__ == 3 && __GNUC_MINOR__ == 0 && !defined __ICC
| #endif
| 
| int
| main (void)
| {
| 
|   ;
|   return 0;
| }
configure:19294: g++ -c -g -O2 -std=c++20 -pipe  conftest.cpp >&5
conftest.cpp:33:3: error: #error defined __BORLANDC__
   33 | # error defined __BORLANDC__
      |   ^~~~~
configure:19294: $? = 1
configure: failed program was:
| /* confdefs.h */
| #define PACKAGE_NAME "LRDE Tiger Compiler"
| #define PACKAGE_TARNAME "tc"
| #define PACKAGE_VERSION "1.91.e"
| #define PACKAGE_STRING "LRDE Tiger Compiler 1.91.e"
| #define PACKAGE_BUGREPORT "tiger@lrde.epita.fr"
| #define PACKAGE_URL "http://tiger.lrde.epita.fr"
| #define PACKAGE "tc"
| #define VERSION "1.91.e"
| #define FLEX_MAJOR_VERSION 2
| #define FLEX_MINOR_VERSION 6
| #define FLEX_SUBMINOR_VERSION 4
| #define HAVE_STDIO_H 1
| #define HAVE_STDLIB_H 1
| #define HAVE_STRING_H 1
| #define HAVE_INTTYPES_H 1
| #define HAVE_STDINT_H 1
| #define HAVE_STRINGS_H 1
| #define HAVE_SYS_STAT_H 1
| #define HAVE_SYS_TYPES_H 1
| #define HAVE_UNISTD_H 1
| #define STDC_HEADERS 1
| #define HAVE_DLFCN_H 1
| #define LT_OBJDIR ".libs/"
| #define HAVE_BOOST 1
| #define HAVE_BOOST_CAST_HPP 1
| #define HAVE_BOOST_LEXICAL_CAST_HPP 1
| /* end confdefs.h.  */
| 
| #if defined __BORLANDC__
| /* OK */
| #else
| # error defined __BORLANDC__
| #endif
| 
| int
| main (void)
| {
| 
|   ;
|   return 0;
| }
configure:19294: g++ -c -g -O2 -std=c++20 -pipe  conftest.cpp >&5
conftest.cpp:30:49: error: operator "defined" requires an identifier
   30 | #if defined __ICC && (defined __unix || defined )
      |                                                 ^
conftest.cpp:30:22: error: missing ')' in expression
   30 | #if defined __ICC && (defined __unix || defined )
      |                      ^
conftest.cpp:33:3: error: #error defined __ICC && (defined __unix || defined )
   33 | # error defined __ICC && (defined __unix || defined )
      |   ^~~~~
configure:19294: $? = 1
configure: failed program was:
| /* confdefs.h */
| #define PACKAGE_NAME "LRDE Tiger Compiler"
| #define PACKAGE_TARNAME "tc"
| #define PACKAGE_VERSION "1.91.e"
| #define PACKAGE_STRING "LRDE Tiger Compiler 1.91.e"
| #define PACKAGE_BUGREPORT "tiger@lrde.epita.fr"
| #define PACKAGE_URL "http://tiger.lrde.epita.fr"
| #define PACKAGE "tc"
| #define VERSION "1.91.e"
| #define FLEX_MAJOR_VERSION 2
| #define FLEX_MINOR_VERSION 6
| #define FLEX_SUBMINOR_VERSION 4
| #define HAVE_STDIO_H 1
| #define HAVE_STDLIB_H 1
| #define HAVE_STRING_H 1
| #define HAVE_INTTYPES_H 1
| #define HAVE_STDINT_H 1
| #define HAVE_STRINGS_H 1
| #define HAVE_SYS_STAT_H 1
| #define HAVE_SYS_TYPES_H 1
| #define HAVE_UNISTD_H 1
| #define STDC_HEADERS 1
| #define HAVE_DLFCN_H 1
| #define LT_OBJDIR ".libs/"
| #define HAVE_BOOST 1
| #define HAVE_BOOST_CAST_HPP 1
| #define HAVE_BOOST_LEXICAL_CAST_HPP 1
| /* end confdefs.h.  */
| 
| #if defined __ICC && (defined __unix || defined )
| /* OK */
| #else
| # error defined __ICC && (defined __unix || defined )
| #endif
| 
| int
| main (void)
| {
| 
|   ;
|   return 0;
| }
configure:19294: g++ -c -g -O2 -std=c++20 -pipe  conftest.cpp >&5
conftest.cpp:33:3: error: #error defined __ICL
   33 | # error defined __ICL
      |   ^~~~~
configure:19294: $? = 1
configure: failed program was:
| /* confdefs.h */
| #define PACKAGE_NAME "LRDE Tiger Compiler"
| #define PACKAGE_TARNAME "tc"
| #define PACKAGE_VERSION "1.91.e"
| #define PACKAGE_STRING "LRDE Tiger Compiler 1.91.e"
| #define PACKAGE_BUGREPORT "tiger@lrde.epita.fr"
| #define PACKAGE_URL "http://tiger.lrde.epita.fr"
| #define PACKAGE "tc"
| #define VERSION "1.91.e"
| #define FLEX_MAJOR_VERSION 2
| #define FLEX_MINOR_VERSION 6
| #define FLEX_SUBMINOR_VERSION 4
| #define HAVE_STDIO_H 1
| #define HAVE_STDLIB_H 1
| #define HAVE_STRING_H 1
| #define HAVE_INTTYPES_H 1
| #define HAVE_STDINT_H 1
| #define HAVE_STRINGS_H 1
| #define HAVE_SYS_STAT_H 1
| #define HAVE_SYS_TYPES_H 1
| #define HAVE_UNISTD_H 1
| #define STDC_HEADERS 1
| #define HAVE_DLFCN_H 1
| #define LT_OBJDIR ".libs/"
| #define HAVE_BOOST 1
| #define HAVE_BOOST_CAST_HPP 1
| #define HAVE_BOOST_LEXICAL_CAST_HPP 1
| /* end confdefs.h.  */
| 
| #if defined __ICL
| /* OK */
| #else
| # error defined __ICL
| #endif
| 
| int
| main (void)
| {
| 
|   ;
|   return 0;
| }
configure:19294: g++ -c -g -O2 -std=c++20 -pipe  conftest.cpp >&5
conftest.cpp:33:3: error: #error defined _MSC_VER && _MSC_VER == 1300
   33 | # error defined _MSC_VER && _MSC_VER == 1300
      |   ^~~~~
configure:19294: $? = 1
configure: failed program was:
| /* confdefs.h */
| #define PACKAGE_NAME "LRDE Tiger Compiler"
| #define PACKAGE_TARNAME "tc"
| #define PACKAGE_VERSION "1.91.e"
| #define PACKAGE_STRING "LRDE Tiger Compiler 1.91.e"
| #define PACKAGE_BUGREPORT "tiger@lrde.epita.fr"
| #define PACKAGE_URL "http://tiger.lrde.epita.fr"
| #define PACKAGE "tc"
| #define VERSION "1.91.e"
| #define FLEX_MAJOR_VERSION 2
| #define FLEX_MINOR_VERSION 6
| #define FLEX_SUBMINOR_VERSION 4
| #define HAVE_STDIO_H 1
| #define HAVE_STDLIB_H 1
| #define HAVE_STRING_H 1
| #define HAVE_INTTYPES_H 1
| #define HAVE_STDINT_H 1
| #define HAVE_STRINGS_H 1
| #define HAVE_SYS_STAT_H 1
| #define HAVE_SYS_TYPES_H 1
| #define HAVE_UNISTD_H 1
| #define STDC_HEADERS 1
| #define HAVE_DLFCN_H 1
| #define LT_OBJDIR ".libs/"
| #define HAVE_BOOST 1
| #define HAVE_BOOST_CAST_HPP 1
| #define HAVE_BOOST_LEXICAL_CAST_HPP 1
| /* end confdefs.h.  */
| 
| #if defined _MSC_VER && _MSC_VER == 1300
| /* OK */
| #else
| # error defined _MSC_VER && _MSC_VER == 1300
| #endif
| 
| int
| main (void)
| {
| 
|   ;
|   return 0;
| }
configure:19294: g++ -c -g -O2 -std=c++20 -pipe  conftest.cpp >&5
conftest.cpp:33:3: error: #error defined __GNUC__ && __GNUC__ == 2 && __GNUC_MINOR__ == 95 && !defined __ICC
   33 | # error defined __GNUC__ && __GNUC__ == 2 && __GNUC_MINOR__ == 95 && !defined __ICC
      |   ^~~~~
configure:19294: $? = 1
configure: failed program was:
| /* confdefs.h */
| #define PACKAGE_NAME "LRDE Tiger Compiler"
| #define PACKAGE_TARNAME "tc"
| #define PACKAGE_VERSION "1.91.e"
| #define PACKAGE_STRING "LRDE Tiger Compiler 1.91.e"
| #define PACKAGE_BUGREPORT "tiger@lrde.epita.fr"
| #define PACKAGE_URL "http://tiger.lrde.epita.fr"
| #define PACKAGE "tc"
| #define VERSION "1.91.e"
| #define FLEX_MAJOR_VERSION 2
| #define FLEX_MINOR_VERSION 6
| #define FLEX_SUBMINOR_VERSION 4
| #define HAVE_STDIO_H 1
| #define HAVE_STDLIB_H 1
| #define HAVE_STRING_H 1
| #define HAVE_INTTYPES_H 1
| #define HAVE_STDINT_H 1
| #define HAVE_STRINGS_H 1
| #define HAVE_SYS_STAT_H 1
| #define HAVE_SYS_TYPES_H 1
| #define HAVE_UNISTD_H 1
| #define STDC_HEADERS 1
| #define HAVE_DLFCN_H 1
| #define LT_OBJDIR ".libs/"
| #define HAVE_BOOST 1
| #define HAVE_BOOST_CAST_HPP 1
| #define HAVE_BOOST_LEXICAL_CAST_HPP 1
| /* end confdefs.h.  */
| 
| #if defined __GNUC__ && __GNUC__ == 2 && __GNUC_MINOR__ == 95 && !defined __ICC
| /* OK */
| #else
| # error defined __GNUC__ && __GNUC__ == 2 && __GNUC_MINOR__ == 95 && !defined __ICC
| #endif
| 
| int
| main (void)
| {
| 
|   ;
|   return 0;
| }
configure:19294: g++ -c -g -O2 -std=c++20 -pipe  conftest.cpp >&5
conftest.cpp:33:3: error: #error defined __MWERKS__ && __MWERKS__ <= 0x32FF
   33 | # error defined __MWERKS__ && __MWERKS__ <= 0x32FF
      |   ^~~~~
configure:19294: $? = 1
configure: failed program was:
| /* confdefs.h */
| #define PACKAGE_NAME "LRDE Tiger Compiler"
| #define PACKAGE_TARNAME "tc"
| #define PACKAGE_VERSION "1.91.e"
| #define PACKAGE_STRING "LRDE Tiger Compiler 1.91.e"
| #define PACKAGE_BUGREPORT "tiger@lrde.epita.fr"
| #define PACKAGE_URL "http://tiger.lrde.epita.fr"
| #define PACKAGE "tc"
| #define VERSION "1.91.e"
| #define FLEX_MAJOR_VERSION 2
| #define FLEX_MINOR_VERSION 6
| #define FLEX_SUBMINOR_VERSION 4
| #define HAVE_STDIO_H 1
| #define HAVE_STDLIB_H 1
| #define HAVE_STRING_H 1
| #define HAVE_INTTYPES_H 1
| #define HAVE_STDINT_H 1
| #define HAVE_STRINGS_H 1
| #define HAVE_SYS_STAT_H 1
| #define HAVE_SYS_TYPES_H 1
| #define HAVE_UNISTD_H 1
| #define STDC_HEADERS 1
| #define HAVE_DLFCN_H 1
| #define LT_OBJDIR ".libs/"
| #define HAVE_BOOST 1
| #define HAVE_BOOST_CAST_HPP 1
| #define HAVE_BOOST_LEXICAL_CAST_HPP 1
| /* end confdefs.h.  */
| 
| #if defined __MWERKS__ && __MWERKS__ <= 0x32FF
| /* OK */
| #else
| # error defined __MWERKS__ && __MWERKS__ <= 0x32FF
| #endif
| 
| int
| main (void)
| {
| 
|   ;
|   return 0;
| }
configure:19294: g++ -c -g -O2 -std=c++20 -pipe  conftest.cpp >&5
conftest.cpp:33:3: error: #error defined _MSC_VER && _MSC_VER < 1300 && !defined UNDER_CE
   33 | # error defined _MSC_VER && _MSC_VER < 1300 && !defined UNDER_CE
      |   ^~~~~
configure:19294: $? = 1
configure: failed program was:
| /* confdefs.h */
| #define PACKAGE_NAME "LRDE Tiger Compiler"
| #define PACKAGE_TARNAME "tc"
| #define PACKAGE_VERSION "1.91.e"
| #define PACKAGE_STRING "LRDE Tiger Compiler 1.91.e"
| #define PACKAGE_BUGREPORT "tiger@lrde.epita.fr"
| #define PACKAGE_URL "http://tiger.lrde.epita.fr"
| #define PACKAGE "tc"
| #define VERSION "1.91.e"
| #define FLEX_MAJOR_VERSION 2
| #define FLEX_MINOR_VERSION 6
| #define FLEX_SUBMINOR_VERSION 4
| #define HAVE_STDIO_H 1
| #define HAVE_STDLIB_H 1
| #define HAVE_STRING_H 1
| #define HAVE_INTTYPES_H 1
| #define HAVE_STDINT_H 1
| #define HAVE_STRINGS_H 1
| #define HAVE_SYS_STAT_H 1
| #define HAVE_SYS_TYPES_H 1
| #define HAVE_UNISTD_H 1
| #define STDC_HEADERS 1
| #define HAVE_DLFCN_H 1
| #define LT_OBJDIR ".libs/"
| #define HAVE_BOOST 1
| #define HAVE_BOOST_CAST_HPP 1
| #define HAVE_BOOST_LEXICAL_CAST_HPP 1
| /* end confdefs.h.  */
| 
| #if defined _MSC_VER && _MSC_VER < 1300 && !defined UNDER_CE
| /* OK */
| #else
| # error defined _MSC_VER && _MSC_VER < 1300 && !defined UNDER_CE
| #endif
| 
| int
| main (void)
| {
| 
|   ;
|   return 0;
| }
configure:19294: g++ -c -g -O2 -std=c++20 -pipe  conftest.cpp >&5
conftest.cpp:33:3: error: #error defined _MSC_VER && _MSC_VER < 1300 && defined UNDER_CE
   33 | # error defined _MSC_VER && _MSC_VER < 1300 && defined UNDER_CE
      |   ^~~~~
configure:19294: $? = 1
configure: failed program was:
| /* confdefs.h */
| #define PACKAGE_NAME "LRDE Tiger Compiler"
| #define PACKAGE_TARNAME "tc"
| #define PACKAGE_VERSION "1.91.e"
| #define PACKAGE_STRING "LRDE Tiger Compiler 1.91.e"
| #define PACKAGE_BUGREPORT "tiger@lrde.epita.fr"
| #define PACKAGE_URL "http://tiger.lrde.epita.fr"
| #define PACKAGE "tc"
| #define VERSION "1.91.e"
| #define FLEX_MAJOR_VERSION 2
| #define FLEX_MINOR_VERSION 6
| #define FLEX_SUBMINOR_VERSION 4
| #define HAVE_STDIO_H 1
| #define HAVE_STDLIB_H 1
| #define HAVE_STRING_H 1
| #define HAVE_INTTYPES_H 1
| #define HAVE_STDINT_H 1
| #define HAVE_STRINGS_H 1
| #define HAVE_SYS_STAT_H 1
| #define HAVE_SYS_TYPES_H 1
| #define HAVE_UNISTD_H 1
| #define STDC_HEADERS 1
| #define HAVE_DLFCN_H 1
| #define LT_OBJDIR ".libs/"
| #define HAVE_BOOST 1
| #define HAVE_BOOST_CAST_HPP 1
| #define HAVE_BOOST_LEXICAL_CAST_HPP 1
| /* end confdefs.h.  */
| 
| #if defined _MSC_VER && _MSC_VER < 1300 && defined UNDER_CE
| /* OK */
| #else
| # error defined _MSC_VER && _MSC_VER < 1300 && defined UNDER_CE
| #endif
| 
| int
| main (void)
| {
| 
|   ;
|   return 0;
| }
configure:19294: g++ -c -g -O2 -std=c++20 -pipe  conftest.cpp >&5
conftest.cpp:33:3: error: #error defined __MWERKS__ && __MWERKS__ <= 0x31FF
   33 | # error defined __MWERKS__ && __MWERKS__ <= 0x31FF
      |   ^~~~~
configure:19294: $? = 1
configure: failed program was:
| /* confdefs.h */
| #define PACKAGE_NAME "LRDE Tiger Compiler"
| #define PACKAGE_TARNAME "tc"
| #define PACKAGE_VERSION "1.91.e"
| #define PACKAGE_STRING "LRDE Tiger Compiler 1.91.e"
| #define PACKAGE_BUGREPORT "tiger@lrde.epita.fr"
| #define PACKAGE_URL "http://tiger.lrde.epita.fr"
| #define PACKAGE "tc"
| #define VERSION "1.91.e"
| #define FLEX_MAJOR_VERSION 2
| #define FLEX_MINOR_VERSION 6
| #define FLEX_SUBMINOR_VERSION 4
| #define HAVE_STDIO_H 1
| #define HAVE_STDLIB_H 1
| #define HAVE_STRING_H 1
| #define HAVE_INTTYPES_H 1
| #define HAVE_STDINT_H 1
| #define HAVE_STRINGS_H 1
| #define HAVE_SYS_STAT_H 1
| #define HAVE_SYS_TYPES_H 1
| #define HAVE_UNISTD_H 1
| #define STDC_HEADERS 1
| #define HAVE_DLFCN_H 1
| #define LT_OBJDIR ".libs/"
| #define HAVE_BOOST 1
| #define HAVE_BOOST_CAST_HPP 1
| #define HAVE_BOOST_LEXICAL_CAST_HPP 1
| /* end confdefs.h.  */
| 
| #if defined __MWERKS__ && __MWERKS__ <= 0x31FF
| /* OK */
| #else
| # error defined __MWERKS__ && __MWERKS__ <= 0x31FF
| #endif
| 
| int
| main (void)
| {
| 
|   ;
|   return 0;
| }
configure:19323: WARNING: could not figure out which toolset name to use for g++
configure:19330: result: 
configure:19363: g++ -c -g -O2 -std=c++20 -pipe  conftest.cpp >&5
conftest.cpp:33:3: error: #error MT not needed
   33 | # error MT not needed
      |   ^~~~~
configure:19363: $? = 1
configure: failed program was:
| /* confdefs.h */
| #define PACKAGE_NAME "LRDE Tiger Compiler"
| #define PACKAGE_TARNAME "tc"
| #define PACKAGE_VERSION "1.91.e"
| #define PACKAGE_STRING "LRDE Tiger Compiler 1.91.e"
| #define PACKAGE_BUGREPORT "tiger@lrde.epita.fr"
| #define PACKAGE_URL "http://tiger.lrde.epita.fr"
| #define PACKAGE "tc"
| #define VERSION "1.91.e"
| #define FLEX_MAJOR_VERSION 2
| #define FLEX_MINOR_VERSION 6
| #define FLEX_SUBMINOR_VERSION 4
| #define HAVE_STDIO_H 1
| #define HAVE_STDLIB_H 1
| #define HAVE_STRING_H 1
| #define HAVE_INTTYPES_H 1
| #define HAVE_STDINT_H 1
| #define HAVE_STRINGS_H 1
| #define HAVE_SYS_STAT_H 1
| #define HAVE_SYS_TYPES_H 1
| #define HAVE_UNISTD_H 1
| #define STDC_HEADERS 1
| #define HAVE_DLFCN_H 1
| #define LT_OBJDIR ".libs/"
| #define HAVE_BOOST 1
| #define HAVE_BOOST_CAST_HPP 1
| #define HAVE_BOOST_LEXICAL_CAST_HPP 1
| /* end confdefs.h.  */
| 
| #if defined _REENTRANT || defined _MT || defined __MT__
| /* use -mt */
| #else
| # error MT not needed
| #endif
| 
| int
| main (void)
| {
| 
|   ;
|   return 0;
| }
configure:19396: checking for boost/graph/adjacency_list.hpp
configure:19396: g++ -c -g -O2 -std=c++20 -pipe   conftest.cpp >&5
configure:19396: $? = 0
configure:19396: result: yes
configure:19416: checking for the Boost graph library
configure:19459: g++ -c -g -O2 -std=c++20 -pipe   conftest.cpp >&5
configure:19459: $? = 0
configure:19515: re-using the existing conftest.o
configure:19521: g++ -o conftest -g -O2 -std=c++20 -pipe    conftest.o -lboost_graph--mt-1_69  >&5
/nix/store/wa59khxfvx6nf1wgdr5bjyyf9rdk23jc-binutils-2.35.2/bin/ld: cannot find -lboost_graph--mt-1_69
collect2: error: ld returned 1 exit status
configure:19530: $? = 1
configure:19515: re-using the existing conftest.o
configure:19521: g++ -o conftest -g -O2 -std=c++20 -pipe    conftest.o -lboost_graph--mt-1_69  >&5
/nix/store/wa59khxfvx6nf1wgdr5bjyyf9rdk23jc-binutils-2.35.2/bin/ld: cannot find -lboost_graph--mt-1_69
collect2: error: ld returned 1 exit status
configure:19530: $? = 1
configure:19515: re-using the existing conftest.o
configure:19521: g++ -o conftest -g -O2 -std=c++20 -pipe    conftest.o -lboost_graph--1_69  >&5
/nix/store/wa59khxfvx6nf1wgdr5bjyyf9rdk23jc-binutils-2.35.2/bin/ld: cannot find -lboost_graph--1_69
collect2: error: ld returned 1 exit status
configure:19530: $? = 1
configure:19515: re-using the existing conftest.o
configure:19521: g++ -o conftest -g -O2 -std=c++20 -pipe    conftest.o -lboost_graph--1_69  >&5
/nix/store/wa59khxfvx6nf1wgdr5bjyyf9rdk23jc-binutils-2.35.2/bin/ld: cannot find -lboost_graph--1_69
collect2: error: ld returned 1 exit status
configure:19530: $? = 1
configure:19515: re-using the existing conftest.o
configure:19521: g++ -o conftest -g -O2 -std=c++20 -pipe    conftest.o -lboost_graph--mt-d-1_69  >&5
/nix/store/wa59khxfvx6nf1wgdr5bjyyf9rdk23jc-binutils-2.35.2/bin/ld: cannot find -lboost_graph--mt-d-1_69
collect2: error: ld returned 1 exit status
configure:19530: $? = 1
configure:19515: re-using the existing conftest.o
configure:19521: g++ -o conftest -g -O2 -std=c++20 -pipe    conftest.o -lboost_graph--mt-d-1_69  >&5
/nix/store/wa59khxfvx6nf1wgdr5bjyyf9rdk23jc-binutils-2.35.2/bin/ld: cannot find -lboost_graph--mt-d-1_69
collect2: error: ld returned 1 exit status
configure:19530: $? = 1
configure:19515: re-using the existing conftest.o
configure:19521: g++ -o conftest -g -O2 -std=c++20 -pipe    conftest.o -lboost_graph--d-1_69  >&5
/nix/store/wa59khxfvx6nf1wgdr5bjyyf9rdk23jc-binutils-2.35.2/bin/ld: cannot find -lboost_graph--d-1_69
collect2: error: ld returned 1 exit status
configure:19530: $? = 1
configure:19515: re-using the existing conftest.o
configure:19521: g++ -o conftest -g -O2 -std=c++20 -pipe    conftest.o -lboost_graph--d-1_69  >&5
/nix/store/wa59khxfvx6nf1wgdr5bjyyf9rdk23jc-binutils-2.35.2/bin/ld: cannot find -lboost_graph--d-1_69
collect2: error: ld returned 1 exit status
configure:19530: $? = 1
configure:19515: re-using the existing conftest.o
configure:19521: g++ -o conftest -g -O2 -std=c++20 -pipe    conftest.o -lboost_graph--mt  >&5
/nix/store/wa59khxfvx6nf1wgdr5bjyyf9rdk23jc-binutils-2.35.2/bin/ld: cannot find -lboost_graph--mt
collect2: error: ld returned 1 exit status
configure:19530: $? = 1
configure:19515: re-using the existing conftest.o
configure:19521: g++ -o conftest -g -O2 -std=c++20 -pipe    conftest.o -lboost_graph--mt  >&5
/nix/store/wa59khxfvx6nf1wgdr5bjyyf9rdk23jc-binutils-2.35.2/bin/ld: cannot find -lboost_graph--mt
collect2: error: ld returned 1 exit status
configure:19530: $? = 1
configure:19515: re-using the existing conftest.o
configure:19521: g++ -o conftest -g -O2 -std=c++20 -pipe    conftest.o -lboost_graph-  >&5
/nix/store/wa59khxfvx6nf1wgdr5bjyyf9rdk23jc-binutils-2.35.2/bin/ld: cannot find -lboost_graph-
collect2: error: ld returned 1 exit status
configure:19530: $? = 1
configure:19515: re-using the existing conftest.o
configure:19521: g++ -o conftest -g -O2 -std=c++20 -pipe    conftest.o -lboost_graph-  >&5
/nix/store/wa59khxfvx6nf1wgdr5bjyyf9rdk23jc-binutils-2.35.2/bin/ld: cannot find -lboost_graph-
collect2: error: ld returned 1 exit status
configure:19530: $? = 1
configure:19515: re-using the existing conftest.o
configure:19521: g++ -o conftest -g -O2 -std=c++20 -pipe    conftest.o -lboost_graph--mt-d  >&5
/nix/store/wa59khxfvx6nf1wgdr5bjyyf9rdk23jc-binutils-2.35.2/bin/ld: cannot find -lboost_graph--mt-d
collect2: error: ld returned 1 exit status
configure:19530: $? = 1
configure:19515: re-using the existing conftest.o
configure:19521: g++ -o conftest -g -O2 -std=c++20 -pipe    conftest.o -lboost_graph--mt-d  >&5
/nix/store/wa59khxfvx6nf1wgdr5bjyyf9rdk23jc-binutils-2.35.2/bin/ld: cannot find -lboost_graph--mt-d
collect2: error: ld returned 1 exit status
configure:19530: $? = 1
configure:19515: re-using the existing conftest.o
configure:19521: g++ -o conftest -g -O2 -std=c++20 -pipe    conftest.o -lboost_graph--d  >&5
/nix/store/wa59khxfvx6nf1wgdr5bjyyf9rdk23jc-binutils-2.35.2/bin/ld: cannot find -lboost_graph--d
collect2: error: ld returned 1 exit status
configure:19530: $? = 1
configure:19515: re-using the existing conftest.o
configure:19521: g++ -o conftest -g -O2 -std=c++20 -pipe    conftest.o -lboost_graph--d  >&5
/nix/store/wa59khxfvx6nf1wgdr5bjyyf9rdk23jc-binutils-2.35.2/bin/ld: cannot find -lboost_graph--d
collect2: error: ld returned 1 exit status
configure:19530: $? = 1
configure:19515: re-using the existing conftest.o
configure:19521: g++ -o conftest -g -O2 -std=c++20 -pipe    conftest.o -lboost_graph-mt-1_69  >&5
/nix/store/wa59khxfvx6nf1wgdr5bjyyf9rdk23jc-binutils-2.35.2/bin/ld: cannot find -lboost_graph-mt-1_69
collect2: error: ld returned 1 exit status
configure:19530: $? = 1
configure:19515: re-using the existing conftest.o
configure:19521: g++ -o conftest -g -O2 -std=c++20 -pipe    conftest.o -lboost_graph-mt-1_69  >&5
/nix/store/wa59khxfvx6nf1wgdr5bjyyf9rdk23jc-binutils-2.35.2/bin/ld: cannot find -lboost_graph-mt-1_69
collect2: error: ld returned 1 exit status
configure:19530: $? = 1
configure:19515: re-using the existing conftest.o
configure:19521: g++ -o conftest -g -O2 -std=c++20 -pipe    conftest.o -lboost_graph-1_69  >&5
/nix/store/wa59khxfvx6nf1wgdr5bjyyf9rdk23jc-binutils-2.35.2/bin/ld: cannot find -lboost_graph-1_69
collect2: error: ld returned 1 exit status
configure:19530: $? = 1
configure:19515: re-using the existing conftest.o
configure:19521: g++ -o conftest -g -O2 -std=c++20 -pipe    conftest.o -lboost_graph-1_69  >&5
/nix/store/wa59khxfvx6nf1wgdr5bjyyf9rdk23jc-binutils-2.35.2/bin/ld: cannot find -lboost_graph-1_69
collect2: error: ld returned 1 exit status
configure:19530: $? = 1
configure:19515: re-using the existing conftest.o
configure:19521: g++ -o conftest -g -O2 -std=c++20 -pipe    conftest.o -lboost_graph-mt-d-1_69  >&5
/nix/store/wa59khxfvx6nf1wgdr5bjyyf9rdk23jc-binutils-2.35.2/bin/ld: cannot find -lboost_graph-mt-d-1_69
collect2: error: ld returned 1 exit status
configure:19530: $? = 1
configure:19515: re-using the existing conftest.o
configure:19521: g++ -o conftest -g -O2 -std=c++20 -pipe    conftest.o -lboost_graph-mt-d-1_69  >&5
/nix/store/wa59khxfvx6nf1wgdr5bjyyf9rdk23jc-binutils-2.35.2/bin/ld: cannot find -lboost_graph-mt-d-1_69
collect2: error: ld returned 1 exit status
configure:19530: $? = 1
configure:19515: re-using the existing conftest.o
configure:19521: g++ -o conftest -g -O2 -std=c++20 -pipe    conftest.o -lboost_graph-d-1_69  >&5
/nix/store/wa59khxfvx6nf1wgdr5bjyyf9rdk23jc-binutils-2.35.2/bin/ld: cannot find -lboost_graph-d-1_69
collect2: error: ld returned 1 exit status
configure:19530: $? = 1
configure:19515: re-using the existing conftest.o
configure:19521: g++ -o conftest -g -O2 -std=c++20 -pipe    conftest.o -lboost_graph-d-1_69  >&5
/nix/store/wa59khxfvx6nf1wgdr5bjyyf9rdk23jc-binutils-2.35.2/bin/ld: cannot find -lboost_graph-d-1_69
collect2: error: ld returned 1 exit status
configure:19530: $? = 1
configure:19515: re-using the existing conftest.o
configure:19521: g++ -o conftest -g -O2 -std=c++20 -pipe    conftest.o -lboost_graph-mt  >&5
/nix/store/wa59khxfvx6nf1wgdr5bjyyf9rdk23jc-binutils-2.35.2/bin/ld: cannot find -lboost_graph-mt
collect2: error: ld returned 1 exit status
configure:19530: $? = 1
configure:19515: re-using the existing conftest.o
configure:19521: g++ -o conftest -g -O2 -std=c++20 -pipe    conftest.o -lboost_graph-mt  >&5
/nix/store/wa59khxfvx6nf1wgdr5bjyyf9rdk23jc-binutils-2.35.2/bin/ld: cannot find -lboost_graph-mt
collect2: error: ld returned 1 exit status
configure:19530: $? = 1
configure:19515: re-using the existing conftest.o
configure:19521: g++ -o conftest -g -O2 -std=c++20 -pipe    conftest.o -lboost_graph  >&5
configure:19530: $? = 0
configure:19645: result: yes
configure:19688: checking for boost/program_options.hpp
configure:19688: g++ -c -g -O2 -std=c++20 -pipe   conftest.cpp >&5
configure:19688: $? = 0
configure:19688: result: yes
configure:19708: checking for the Boost program_options library
configure:19751: g++ -c -g -O2 -std=c++20 -pipe   conftest.cpp >&5
configure:19751: $? = 0
configure:19807: re-using the existing conftest.o
configure:19813: g++ -o conftest -g -O2 -std=c++20 -pipe    conftest.o -lboost_program_options--mt-1_69  >&5
/nix/store/wa59khxfvx6nf1wgdr5bjyyf9rdk23jc-binutils-2.35.2/bin/ld: cannot find -lboost_program_options--mt-1_69
collect2: error: ld returned 1 exit status
configure:19822: $? = 1
configure:19807: re-using the existing conftest.o
configure:19813: g++ -o conftest -g -O2 -std=c++20 -pipe    conftest.o -lboost_program_options--mt-1_69  >&5
/nix/store/wa59khxfvx6nf1wgdr5bjyyf9rdk23jc-binutils-2.35.2/bin/ld: cannot find -lboost_program_options--mt-1_69
collect2: error: ld returned 1 exit status
configure:19822: $? = 1
configure:19807: re-using the existing conftest.o
configure:19813: g++ -o conftest -g -O2 -std=c++20 -pipe    conftest.o -lboost_program_options--1_69  >&5
/nix/store/wa59khxfvx6nf1wgdr5bjyyf9rdk23jc-binutils-2.35.2/bin/ld: cannot find -lboost_program_options--1_69
collect2: error: ld returned 1 exit status
configure:19822: $? = 1
configure:19807: re-using the existing conftest.o
configure:19813: g++ -o conftest -g -O2 -std=c++20 -pipe    conftest.o -lboost_program_options--1_69  >&5
/nix/store/wa59khxfvx6nf1wgdr5bjyyf9rdk23jc-binutils-2.35.2/bin/ld: cannot find -lboost_program_options--1_69
collect2: error: ld returned 1 exit status
configure:19822: $? = 1
configure:19807: re-using the existing conftest.o
configure:19813: g++ -o conftest -g -O2 -std=c++20 -pipe    conftest.o -lboost_program_options--mt-d-1_69  >&5
/nix/store/wa59khxfvx6nf1wgdr5bjyyf9rdk23jc-binutils-2.35.2/bin/ld: cannot find -lboost_program_options--mt-d-1_69
collect2: error: ld returned 1 exit status
configure:19822: $? = 1
configure:19807: re-using the existing conftest.o
configure:19813: g++ -o conftest -g -O2 -std=c++20 -pipe    conftest.o -lboost_program_options--mt-d-1_69  >&5
/nix/store/wa59khxfvx6nf1wgdr5bjyyf9rdk23jc-binutils-2.35.2/bin/ld: cannot find -lboost_program_options--mt-d-1_69
collect2: error: ld returned 1 exit status
configure:19822: $? = 1
configure:19807: re-using the existing conftest.o
configure:19813: g++ -o conftest -g -O2 -std=c++20 -pipe    conftest.o -lboost_program_options--d-1_69  >&5
/nix/store/wa59khxfvx6nf1wgdr5bjyyf9rdk23jc-binutils-2.35.2/bin/ld: cannot find -lboost_program_options--d-1_69
collect2: error: ld returned 1 exit status
configure:19822: $? = 1
configure:19807: re-using the existing conftest.o
configure:19813: g++ -o conftest -g -O2 -std=c++20 -pipe    conftest.o -lboost_program_options--d-1_69  >&5
/nix/store/wa59khxfvx6nf1wgdr5bjyyf9rdk23jc-binutils-2.35.2/bin/ld: cannot find -lboost_program_options--d-1_69
collect2: error: ld returned 1 exit status
configure:19822: $? = 1
configure:19807: re-using the existing conftest.o
configure:19813: g++ -o conftest -g -O2 -std=c++20 -pipe    conftest.o -lboost_program_options--mt  >&5
/nix/store/wa59khxfvx6nf1wgdr5bjyyf9rdk23jc-binutils-2.35.2/bin/ld: cannot find -lboost_program_options--mt
collect2: error: ld returned 1 exit status
configure:19822: $? = 1
configure:19807: re-using the existing conftest.o
configure:19813: g++ -o conftest -g -O2 -std=c++20 -pipe    conftest.o -lboost_program_options--mt  >&5
/nix/store/wa59khxfvx6nf1wgdr5bjyyf9rdk23jc-binutils-2.35.2/bin/ld: cannot find -lboost_program_options--mt
collect2: error: ld returned 1 exit status
configure:19822: $? = 1
configure:19807: re-using the existing conftest.o
configure:19813: g++ -o conftest -g -O2 -std=c++20 -pipe    conftest.o -lboost_program_options-  >&5
/nix/store/wa59khxfvx6nf1wgdr5bjyyf9rdk23jc-binutils-2.35.2/bin/ld: cannot find -lboost_program_options-
collect2: error: ld returned 1 exit status
configure:19822: $? = 1
configure:19807: re-using the existing conftest.o
configure:19813: g++ -o conftest -g -O2 -std=c++20 -pipe    conftest.o -lboost_program_options-  >&5
/nix/store/wa59khxfvx6nf1wgdr5bjyyf9rdk23jc-binutils-2.35.2/bin/ld: cannot find -lboost_program_options-
collect2: error: ld returned 1 exit status
configure:19822: $? = 1
configure:19807: re-using the existing conftest.o
configure:19813: g++ -o conftest -g -O2 -std=c++20 -pipe    conftest.o -lboost_program_options--mt-d  >&5
/nix/store/wa59khxfvx6nf1wgdr5bjyyf9rdk23jc-binutils-2.35.2/bin/ld: cannot find -lboost_program_options--mt-d
collect2: error: ld returned 1 exit status
configure:19822: $? = 1
configure:19807: re-using the existing conftest.o
configure:19813: g++ -o conftest -g -O2 -std=c++20 -pipe    conftest.o -lboost_program_options--mt-d  >&5
/nix/store/wa59khxfvx6nf1wgdr5bjyyf9rdk23jc-binutils-2.35.2/bin/ld: cannot find -lboost_program_options--mt-d
collect2: error: ld returned 1 exit status
configure:19822: $? = 1
configure:19807: re-using the existing conftest.o
configure:19813: g++ -o conftest -g -O2 -std=c++20 -pipe    conftest.o -lboost_program_options--d  >&5
/nix/store/wa59khxfvx6nf1wgdr5bjyyf9rdk23jc-binutils-2.35.2/bin/ld: cannot find -lboost_program_options--d
collect2: error: ld returned 1 exit status
configure:19822: $? = 1
configure:19807: re-using the existing conftest.o
configure:19813: g++ -o conftest -g -O2 -std=c++20 -pipe    conftest.o -lboost_program_options--d  >&5
/nix/store/wa59khxfvx6nf1wgdr5bjyyf9rdk23jc-binutils-2.35.2/bin/ld: cannot find -lboost_program_options--d
collect2: error: ld returned 1 exit status
configure:19822: $? = 1
configure:19807: re-using the existing conftest.o
configure:19813: g++ -o conftest -g -O2 -std=c++20 -pipe    conftest.o -lboost_program_options-mt-1_69  >&5
/nix/store/wa59khxfvx6nf1wgdr5bjyyf9rdk23jc-binutils-2.35.2/bin/ld: cannot find -lboost_program_options-mt-1_69
collect2: error: ld returned 1 exit status
configure:19822: $? = 1
configure:19807: re-using the existing conftest.o
configure:19813: g++ -o conftest -g -O2 -std=c++20 -pipe    conftest.o -lboost_program_options-mt-1_69  >&5
/nix/store/wa59khxfvx6nf1wgdr5bjyyf9rdk23jc-binutils-2.35.2/bin/ld: cannot find -lboost_program_options-mt-1_69
collect2: error: ld returned 1 exit status
configure:19822: $? = 1
configure:19807: re-using the existing conftest.o
configure:19813: g++ -o conftest -g -O2 -std=c++20 -pipe    conftest.o -lboost_program_options-1_69  >&5
/nix/store/wa59khxfvx6nf1wgdr5bjyyf9rdk23jc-binutils-2.35.2/bin/ld: cannot find -lboost_program_options-1_69
collect2: error: ld returned 1 exit status
configure:19822: $? = 1
configure:19807: re-using the existing conftest.o
configure:19813: g++ -o conftest -g -O2 -std=c++20 -pipe    conftest.o -lboost_program_options-1_69  >&5
/nix/store/wa59khxfvx6nf1wgdr5bjyyf9rdk23jc-binutils-2.35.2/bin/ld: cannot find -lboost_program_options-1_69
collect2: error: ld returned 1 exit status
configure:19822: $? = 1
configure:19807: re-using the existing conftest.o
configure:19813: g++ -o conftest -g -O2 -std=c++20 -pipe    conftest.o -lboost_program_options-mt-d-1_69  >&5
/nix/store/wa59khxfvx6nf1wgdr5bjyyf9rdk23jc-binutils-2.35.2/bin/ld: cannot find -lboost_program_options-mt-d-1_69
collect2: error: ld returned 1 exit status
configure:19822: $? = 1
configure:19807: re-using the existing conftest.o
configure:19813: g++ -o conftest -g -O2 -std=c++20 -pipe    conftest.o -lboost_program_options-mt-d-1_69  >&5
/nix/store/wa59khxfvx6nf1wgdr5bjyyf9rdk23jc-binutils-2.35.2/bin/ld: cannot find -lboost_program_options-mt-d-1_69
collect2: error: ld returned 1 exit status
configure:19822: $? = 1
configure:19807: re-using the existing conftest.o
configure:19813: g++ -o conftest -g -O2 -std=c++20 -pipe    conftest.o -lboost_program_options-d-1_69  >&5
/nix/store/wa59khxfvx6nf1wgdr5bjyyf9rdk23jc-binutils-2.35.2/bin/ld: cannot find -lboost_program_options-d-1_69
collect2: error: ld returned 1 exit status
configure:19822: $? = 1
configure:19807: re-using the existing conftest.o
configure:19813: g++ -o conftest -g -O2 -std=c++20 -pipe    conftest.o -lboost_program_options-d-1_69  >&5
/nix/store/wa59khxfvx6nf1wgdr5bjyyf9rdk23jc-binutils-2.35.2/bin/ld: cannot find -lboost_program_options-d-1_69
collect2: error: ld returned 1 exit status
configure:19822: $? = 1
configure:19807: re-using the existing conftest.o
configure:19813: g++ -o conftest -g -O2 -std=c++20 -pipe    conftest.o -lboost_program_options-mt  >&5
/nix/store/wa59khxfvx6nf1wgdr5bjyyf9rdk23jc-binutils-2.35.2/bin/ld: cannot find -lboost_program_options-mt
collect2: error: ld returned 1 exit status
configure:19822: $? = 1
configure:19807: re-using the existing conftest.o
configure:19813: g++ -o conftest -g -O2 -std=c++20 -pipe    conftest.o -lboost_program_options-mt  >&5
/nix/store/wa59khxfvx6nf1wgdr5bjyyf9rdk23jc-binutils-2.35.2/bin/ld: cannot find -lboost_program_options-mt
collect2: error: ld returned 1 exit status
configure:19822: $? = 1
configure:19807: re-using the existing conftest.o
configure:19813: g++ -o conftest -g -O2 -std=c++20 -pipe    conftest.o -lboost_program_options  >&5
configure:19822: $? = 0
configure:19937: result: yes
configure:19971: checking for boost/algorithm/string.hpp
configure:19971: g++ -c -g -O2 -std=c++20 -pipe   conftest.cpp >&5
configure:19971: $? = 0
configure:19971: result: yes
configure:20011: checking for boost/system/error_code.hpp
configure:20011: g++ -c -g -O2 -std=c++20 -pipe   conftest.cpp >&5
configure:20011: $? = 0
configure:20011: result: yes
configure:20031: checking for the Boost system library
configure:20074: g++ -c -g -O2 -std=c++20 -pipe   conftest.cpp >&5
configure:20074: $? = 0
configure:20130: re-using the existing conftest.o
configure:20136: g++ -o conftest -g -O2 -std=c++20 -pipe    conftest.o -lboost_system--mt-1_69  >&5
/nix/store/wa59khxfvx6nf1wgdr5bjyyf9rdk23jc-binutils-2.35.2/bin/ld: cannot find -lboost_system--mt-1_69
collect2: error: ld returned 1 exit status
configure:20145: $? = 1
configure:20130: re-using the existing conftest.o
configure:20136: g++ -o conftest -g -O2 -std=c++20 -pipe    conftest.o -lboost_system--mt-1_69  >&5
/nix/store/wa59khxfvx6nf1wgdr5bjyyf9rdk23jc-binutils-2.35.2/bin/ld: cannot find -lboost_system--mt-1_69
collect2: error: ld returned 1 exit status
configure:20145: $? = 1
configure:20130: re-using the existing conftest.o
configure:20136: g++ -o conftest -g -O2 -std=c++20 -pipe    conftest.o -lboost_system--1_69  >&5
/nix/store/wa59khxfvx6nf1wgdr5bjyyf9rdk23jc-binutils-2.35.2/bin/ld: cannot find -lboost_system--1_69
collect2: error: ld returned 1 exit status
configure:20145: $? = 1
configure:20130: re-using the existing conftest.o
configure:20136: g++ -o conftest -g -O2 -std=c++20 -pipe    conftest.o -lboost_system--1_69  >&5
/nix/store/wa59khxfvx6nf1wgdr5bjyyf9rdk23jc-binutils-2.35.2/bin/ld: cannot find -lboost_system--1_69
collect2: error: ld returned 1 exit status
configure:20145: $? = 1
configure:20130: re-using the existing conftest.o
configure:20136: g++ -o conftest -g -O2 -std=c++20 -pipe    conftest.o -lboost_system--mt-d-1_69  >&5
/nix/store/wa59khxfvx6nf1wgdr5bjyyf9rdk23jc-binutils-2.35.2/bin/ld: cannot find -lboost_system--mt-d-1_69
collect2: error: ld returned 1 exit status
configure:20145: $? = 1
configure:20130: re-using the existing conftest.o
configure:20136: g++ -o conftest -g -O2 -std=c++20 -pipe    conftest.o -lboost_system--mt-d-1_69  >&5
/nix/store/wa59khxfvx6nf1wgdr5bjyyf9rdk23jc-binutils-2.35.2/bin/ld: cannot find -lboost_system--mt-d-1_69
collect2: error: ld returned 1 exit status
configure:20145: $? = 1
configure:20130: re-using the existing conftest.o
configure:20136: g++ -o conftest -g -O2 -std=c++20 -pipe    conftest.o -lboost_system--d-1_69  >&5
/nix/store/wa59khxfvx6nf1wgdr5bjyyf9rdk23jc-binutils-2.35.2/bin/ld: cannot find -lboost_system--d-1_69
collect2: error: ld returned 1 exit status
configure:20145: $? = 1
configure:20130: re-using the existing conftest.o
configure:20136: g++ -o conftest -g -O2 -std=c++20 -pipe    conftest.o -lboost_system--d-1_69  >&5
/nix/store/wa59khxfvx6nf1wgdr5bjyyf9rdk23jc-binutils-2.35.2/bin/ld: cannot find -lboost_system--d-1_69
collect2: error: ld returned 1 exit status
configure:20145: $? = 1
configure:20130: re-using the existing conftest.o
configure:20136: g++ -o conftest -g -O2 -std=c++20 -pipe    conftest.o -lboost_system--mt  >&5
/nix/store/wa59khxfvx6nf1wgdr5bjyyf9rdk23jc-binutils-2.35.2/bin/ld: cannot find -lboost_system--mt
collect2: error: ld returned 1 exit status
configure:20145: $? = 1
configure:20130: re-using the existing conftest.o
configure:20136: g++ -o conftest -g -O2 -std=c++20 -pipe    conftest.o -lboost_system--mt  >&5
/nix/store/wa59khxfvx6nf1wgdr5bjyyf9rdk23jc-binutils-2.35.2/bin/ld: cannot find -lboost_system--mt
collect2: error: ld returned 1 exit status
configure:20145: $? = 1
configure:20130: re-using the existing conftest.o
configure:20136: g++ -o conftest -g -O2 -std=c++20 -pipe    conftest.o -lboost_system-  >&5
/nix/store/wa59khxfvx6nf1wgdr5bjyyf9rdk23jc-binutils-2.35.2/bin/ld: cannot find -lboost_system-
collect2: error: ld returned 1 exit status
configure:20145: $? = 1
configure:20130: re-using the existing conftest.o
configure:20136: g++ -o conftest -g -O2 -std=c++20 -pipe    conftest.o -lboost_system-  >&5
/nix/store/wa59khxfvx6nf1wgdr5bjyyf9rdk23jc-binutils-2.35.2/bin/ld: cannot find -lboost_system-
collect2: error: ld returned 1 exit status
configure:20145: $? = 1
configure:20130: re-using the existing conftest.o
configure:20136: g++ -o conftest -g -O2 -std=c++20 -pipe    conftest.o -lboost_system--mt-d  >&5
/nix/store/wa59khxfvx6nf1wgdr5bjyyf9rdk23jc-binutils-2.35.2/bin/ld: cannot find -lboost_system--mt-d
collect2: error: ld returned 1 exit status
configure:20145: $? = 1
configure:20130: re-using the existing conftest.o
configure:20136: g++ -o conftest -g -O2 -std=c++20 -pipe    conftest.o -lboost_system--mt-d  >&5
/nix/store/wa59khxfvx6nf1wgdr5bjyyf9rdk23jc-binutils-2.35.2/bin/ld: cannot find -lboost_system--mt-d
collect2: error: ld returned 1 exit status
configure:20145: $? = 1
configure:20130: re-using the existing conftest.o
configure:20136: g++ -o conftest -g -O2 -std=c++20 -pipe    conftest.o -lboost_system--d  >&5
/nix/store/wa59khxfvx6nf1wgdr5bjyyf9rdk23jc-binutils-2.35.2/bin/ld: cannot find -lboost_system--d
collect2: error: ld returned 1 exit status
configure:20145: $? = 1
configure:20130: re-using the existing conftest.o
configure:20136: g++ -o conftest -g -O2 -std=c++20 -pipe    conftest.o -lboost_system--d  >&5
/nix/store/wa59khxfvx6nf1wgdr5bjyyf9rdk23jc-binutils-2.35.2/bin/ld: cannot find -lboost_system--d
collect2: error: ld returned 1 exit status
configure:20145: $? = 1
configure:20130: re-using the existing conftest.o
configure:20136: g++ -o conftest -g -O2 -std=c++20 -pipe    conftest.o -lboost_system-mt-1_69  >&5
/nix/store/wa59khxfvx6nf1wgdr5bjyyf9rdk23jc-binutils-2.35.2/bin/ld: cannot find -lboost_system-mt-1_69
collect2: error: ld returned 1 exit status
configure:20145: $? = 1
configure:20130: re-using the existing conftest.o
configure:20136: g++ -o conftest -g -O2 -std=c++20 -pipe    conftest.o -lboost_system-mt-1_69  >&5
/nix/store/wa59khxfvx6nf1wgdr5bjyyf9rdk23jc-binutils-2.35.2/bin/ld: cannot find -lboost_system-mt-1_69
collect2: error: ld returned 1 exit status
configure:20145: $? = 1
configure:20130: re-using the existing conftest.o
configure:20136: g++ -o conftest -g -O2 -std=c++20 -pipe    conftest.o -lboost_system-1_69  >&5
/nix/store/wa59khxfvx6nf1wgdr5bjyyf9rdk23jc-binutils-2.35.2/bin/ld: cannot find -lboost_system-1_69
collect2: error: ld returned 1 exit status
configure:20145: $? = 1
configure:20130: re-using the existing conftest.o
configure:20136: g++ -o conftest -g -O2 -std=c++20 -pipe    conftest.o -lboost_system-1_69  >&5
/nix/store/wa59khxfvx6nf1wgdr5bjyyf9rdk23jc-binutils-2.35.2/bin/ld: cannot find -lboost_system-1_69
collect2: error: ld returned 1 exit status
configure:20145: $? = 1
configure:20130: re-using the existing conftest.o
configure:20136: g++ -o conftest -g -O2 -std=c++20 -pipe    conftest.o -lboost_system-mt-d-1_69  >&5
/nix/store/wa59khxfvx6nf1wgdr5bjyyf9rdk23jc-binutils-2.35.2/bin/ld: cannot find -lboost_system-mt-d-1_69
collect2: error: ld returned 1 exit status
configure:20145: $? = 1
configure:20130: re-using the existing conftest.o
configure:20136: g++ -o conftest -g -O2 -std=c++20 -pipe    conftest.o -lboost_system-mt-d-1_69  >&5
/nix/store/wa59khxfvx6nf1wgdr5bjyyf9rdk23jc-binutils-2.35.2/bin/ld: cannot find -lboost_system-mt-d-1_69
collect2: error: ld returned 1 exit status
configure:20145: $? = 1
configure:20130: re-using the existing conftest.o
configure:20136: g++ -o conftest -g -O2 -std=c++20 -pipe    conftest.o -lboost_system-d-1_69  >&5
/nix/store/wa59khxfvx6nf1wgdr5bjyyf9rdk23jc-binutils-2.35.2/bin/ld: cannot find -lboost_system-d-1_69
collect2: error: ld returned 1 exit status
configure:20145: $? = 1
configure:20130: re-using the existing conftest.o
configure:20136: g++ -o conftest -g -O2 -std=c++20 -pipe    conftest.o -lboost_system-d-1_69  >&5
/nix/store/wa59khxfvx6nf1wgdr5bjyyf9rdk23jc-binutils-2.35.2/bin/ld: cannot find -lboost_system-d-1_69
collect2: error: ld returned 1 exit status
configure:20145: $? = 1
configure:20130: re-using the existing conftest.o
configure:20136: g++ -o conftest -g -O2 -std=c++20 -pipe    conftest.o -lboost_system-mt  >&5
/nix/store/wa59khxfvx6nf1wgdr5bjyyf9rdk23jc-binutils-2.35.2/bin/ld: cannot find -lboost_system-mt
collect2: error: ld returned 1 exit status
configure:20145: $? = 1
configure:20130: re-using the existing conftest.o
configure:20136: g++ -o conftest -g -O2 -std=c++20 -pipe    conftest.o -lboost_system-mt  >&5
/nix/store/wa59khxfvx6nf1wgdr5bjyyf9rdk23jc-binutils-2.35.2/bin/ld: cannot find -lboost_system-mt
collect2: error: ld returned 1 exit status
configure:20145: $? = 1
configure:20130: re-using the existing conftest.o
configure:20136: g++ -o conftest -g -O2 -std=c++20 -pipe    conftest.o -lboost_system  >&5
configure:20145: $? = 0
configure:20260: result: yes
configure:20298: checking whether building tcsh
configure:20316: SWIG use disabled: dynamic libraries disabled
configure:21135: result: no
configure:21283: checking that generated files are newer than configure
configure:21289: result: done
configure:21340: creating ./config.status

## ---------------------- ##
## Running config.status. ##
## ---------------------- ##

This file was extended by LRDE Tiger Compiler config.status 1.91.e, which was
generated by GNU Autoconf 2.71.  Invocation command line was

  CONFIG_FILES    = 
  CONFIG_HEADERS  = 
  CONFIG_LINKS    = 
  CONFIG_COMMANDS = 
  $ ./config.status 

on r06p07.cisco.kb.sm.cri.epita.fr

config.status:1209: creating build-aux/bin/flex++
config.status:1209: creating build-aux/bin/bison++
config.status:1209: creating tcsh/Makefile
config.status:1209: creating doc/Doxyfile
config.status:1209: creating tcsh/run
config.status:1209: creating tests/Makefile
config.status:1209: creating Makefile
config.status:1209: creating config.h
config.status:1390: config.h is unchanged
config.status:1438: executing depfiles commands
config.status:1515: cd .       && sed -e '/# am--include-marker/d' Makefile         | make -f - am--depfiles
/tmp/GmnxyUx0:3720: warning: overriding recipe for target 'doc/Doxyfile'
/tmp/GmnxyUx0:1641: warning: ignoring old recipe for target 'doc/Doxyfile'
make: Nothing to be done for 'am--depfiles'.
config.status:1520: $? = 0
config.status:1438: executing libtool commands

## ---------------- ##
## Cache variables. ##
## ---------------- ##

ac_cv_BISON_actual_version=3.8.2
ac_cv_BISON_version=yes
ac_cv_CLANG_actual_version=11.1.0
ac_cv_CLANG_version=yes
ac_cv_FLEX_actual_version=2.6.4
ac_cv_FLEX_version=yes
ac_cv_LLVM_CONFIG_actual_version=12.0.1
ac_cv_LLVM_CONFIG_version=yes
ac_cv_build=x86_64-pc-linux-gnux32
ac_cv_c_compiler_gnu=yes
ac_cv_cxx_compiler_gnu=yes
ac_cv_cxx_supports_=yes
ac_cv_cxx_supports__W=yes
ac_cv_cxx_supports__Wall=yes
ac_cv_cxx_supports__Wbad_function_cast=no
ac_cv_cxx_supports__Wcast_align=yes
ac_cv_cxx_supports__Wcast_qual=yes
ac_cv_cxx_supports__Wformat=yes
ac_cv_cxx_supports__Wmissing_declarations=yes
ac_cv_cxx_supports__Wmissing_prototypes=no
ac_cv_cxx_supports__Wnested_externs=no
ac_cv_cxx_supports__Wno_shadow=yes
ac_cv_cxx_supports__Wno_strict_aliasing=yes
ac_cv_cxx_supports__Woverloaded_virtual=yes
ac_cv_cxx_supports__Wstrict_prototypes=no
ac_cv_cxx_supports__Wunused_function=yes
ac_cv_cxx_supports__Wunused_parameter=yes
ac_cv_cxx_supports__Wwrite_strings=yes
ac_cv_cxx_supports__wd111_193_279_383_444_522_654_810_981_1418=no
ac_cv_env_BISON_set=
ac_cv_env_BISON_value=
ac_cv_env_BOOST_ROOT_set=
ac_cv_env_BOOST_ROOT_value=
ac_cv_env_CCC_set=
ac_cv_env_CCC_value=
ac_cv_env_CC_set=
ac_cv_env_CC_value=
ac_cv_env_CFLAGS_set=
ac_cv_env_CFLAGS_value=
ac_cv_env_CLANG_set=
ac_cv_env_CLANG_value=
ac_cv_env_CPPFLAGS_set=
ac_cv_env_CPPFLAGS_value=
ac_cv_env_CXXCPP_set=
ac_cv_env_CXXCPP_value=
ac_cv_env_CXXFLAGS_set=
ac_cv_env_CXXFLAGS_value=
ac_cv_env_CXX_set=
ac_cv_env_CXX_value=
ac_cv_env_EMACSLOADPATH_set=
ac_cv_env_EMACSLOADPATH_value=
ac_cv_env_EMACS_set=
ac_cv_env_EMACS_value=
ac_cv_env_FLEX_set=
ac_cv_env_FLEX_value=
ac_cv_env_LDFLAGS_set=
ac_cv_env_LDFLAGS_value=
ac_cv_env_LIBS_set=
ac_cv_env_LIBS_value=
ac_cv_env_LLVM_CONFIG_set=
ac_cv_env_LLVM_CONFIG_value=
ac_cv_env_LT_SYS_LIBRARY_PATH_set=
ac_cv_env_LT_SYS_LIBRARY_PATH_value=
ac_cv_env_PYTHON_set=
ac_cv_env_PYTHON_value=
ac_cv_env_RUBY_CPPFLAGS_set=
ac_cv_env_RUBY_CPPFLAGS_value=
ac_cv_env_build_alias_set=
ac_cv_env_build_alias_value=
ac_cv_env_host_alias_set=
ac_cv_env_host_alias_value=
ac_cv_env_target_alias_set=
ac_cv_env_target_alias_value=
ac_cv_header_boost_algorithm_string_hpp=yes
ac_cv_header_boost_cast_hpp=yes
ac_cv_header_boost_graph_adjacency_list_hpp=yes
ac_cv_header_boost_lexical_cast_hpp=yes
ac_cv_header_boost_program_options_hpp=yes
ac_cv_header_boost_system_error_code_hpp=yes
ac_cv_header_dlfcn_h=yes
ac_cv_header_inttypes_h=yes
ac_cv_header_stdint_h=yes
ac_cv_header_stdio_h=yes
ac_cv_header_stdlib_h=yes
ac_cv_header_string_h=yes
ac_cv_header_strings_h=yes
ac_cv_header_sys_stat_h=yes
ac_cv_header_sys_types_h=yes
ac_cv_header_unistd_h=yes
ac_cv_host=x86_64-pc-linux-gnux32
ac_cv_objext=o
ac_cv_path_EGREP='/nix/store/88jjy3pyv49arll3623paaxxqfq3l08s-gnugrep-3.7/bin/grep -E'
ac_cv_path_FGREP='/nix/store/88jjy3pyv49arll3623paaxxqfq3l08s-gnugrep-3.7/bin/grep -F'
ac_cv_path_GREP=/nix/store/88jjy3pyv49arll3623paaxxqfq3l08s-gnugrep-3.7/bin/grep
ac_cv_path_SED=/run/current-system/sw/bin/sed
ac_cv_path_install='/nix/store/khkhvvmsfy8ysq3rd3lvanql1w9xp2m4-coreutils-9.0/bin/install -c'
ac_cv_path_lt_DD=/nix/store/khkhvvmsfy8ysq3rd3lvanql1w9xp2m4-coreutils-9.0/bin/dd
ac_cv_path_mkdir=/nix/store/khkhvvmsfy8ysq3rd3lvanql1w9xp2m4-coreutils-9.0/bin/mkdir
ac_cv_prog_AWK=gawk
ac_cv_prog_BISON=bison
ac_cv_prog_CLANG=clang
ac_cv_prog_CLANG_FORMAT=clang-format
ac_cv_prog_CXXCPP='g++ -E'
ac_cv_prog_EMACS=emacs
ac_cv_prog_FLEX=flex
ac_cv_prog_LLVM_CONFIG=llvm-config
ac_cv_prog_ac_ct_AR=ar
ac_cv_prog_ac_ct_CC=gcc
ac_cv_prog_ac_ct_CXX=g++
ac_cv_prog_ac_ct_OBJDUMP=objdump
ac_cv_prog_ac_ct_RANLIB=ranlib
ac_cv_prog_ac_ct_STRIP=strip
ac_cv_prog_cc_c11=
ac_cv_prog_cc_g=yes
ac_cv_prog_cc_stdc=
ac_cv_prog_cxx_11=no
ac_cv_prog_cxx_cxx11=
ac_cv_prog_cxx_g=yes
ac_cv_prog_cxx_stdcxx=
ac_cv_prog_make_make_set=yes
am_cv_CC_dependencies_compiler_type=gcc3
am_cv_CXX_dependencies_compiler_type=gcc3
am_cv_ar_interface=ar
am_cv_lispdir='${datarootdir}/emacs/site-lisp'
am_cv_make_support_nested_variables=yes
am_cv_prog_cc_c_o=yes
ax_cv_check_cxxflags___pipe=yes
ax_cv_check_cxxflags___std_cpp20=yes
boost_cv_inc_path=yes
boost_cv_lib_graph=yes
boost_cv_lib_graph_LDPATH=
boost_cv_lib_graph_LIBS=-lboost_graph
boost_cv_lib_program_options=yes
boost_cv_lib_program_options_LDPATH=
boost_cv_lib_program_options_LIBS=-lboost_program_options
boost_cv_lib_system=yes
boost_cv_lib_system_LDPATH=
boost_cv_lib_system_LIBS=-lboost_system
boost_cv_lib_tag=
boost_cv_lib_version=1_69
boost_cv_rpath_link_ldflag=
lt_cv_ar_at_file=@
lt_cv_deplibs_check_method=pass_all
lt_cv_file_magic_cmd='$MAGIC_CMD'
lt_cv_file_magic_test_file=
lt_cv_ld_reload_flag=-r
lt_cv_nm_interface='BSD nm'
lt_cv_objdir=.libs
lt_cv_path_LD=/nix/store/11szv8mf8ww7gv36kfgj56d68cx7chg3-gcc-wrapper-10.3.0/bin/ld
lt_cv_path_LDCXX=/nix/store/11szv8mf8ww7gv36kfgj56d68cx7chg3-gcc-wrapper-10.3.0/bin/ld
lt_cv_path_NM='/run/current-system/sw/bin/nm -B'
lt_cv_path_mainfest_tool=no
lt_cv_prog_compiler_c_o=yes
lt_cv_prog_compiler_c_o_CXX=yes
lt_cv_prog_compiler_pic='-fPIC -DPIC'
lt_cv_prog_compiler_pic_CXX='-fPIC -DPIC'
lt_cv_prog_compiler_pic_works=yes
lt_cv_prog_compiler_pic_works_CXX=yes
lt_cv_prog_compiler_rtti_exceptions=no
lt_cv_prog_compiler_static_works=no
lt_cv_prog_compiler_static_works_CXX=no
lt_cv_prog_gnu_ld=yes
lt_cv_prog_gnu_ldcxx=yes
lt_cv_sharedlib_from_linklib_cmd='printf %s\n'
lt_cv_shlibpath_overrides_runpath=yes
lt_cv_sys_global_symbol_pipe='sed -n -e '\''s/^.*[	 ]\([ABCDGIRSTW][ABCDGIRSTW]*\)[	 ][	 ]*\([_A-Za-z][_A-Za-z0-9]*\)$/\1 \2 \2/p'\'' | sed '\''/ __gnu_lto/d'\'''
lt_cv_sys_global_symbol_to_c_name_address='sed -n -e '\''s/^: \(.*\) .*$/  {"\1", (void *) 0},/p'\'' -e '\''s/^[ABCDGIRSTW][ABCDGIRSTW]* .* \(.*\)$/  {"\1", (void *) \&\1},/p'\'''
lt_cv_sys_global_symbol_to_c_name_address_lib_prefix='sed -n -e '\''s/^: \(.*\) .*$/  {"\1", (void *) 0},/p'\'' -e '\''s/^[ABCDGIRSTW][ABCDGIRSTW]* .* \(lib.*\)$/  {"\1", (void *) \&\1},/p'\'' -e '\''s/^[ABCDGIRSTW][ABCDGIRSTW]* .* \(.*\)$/  {"lib\1", (void *) \&\1},/p'\'''
lt_cv_sys_global_symbol_to_cdecl='sed -n -e '\''s/^T .* \(.*\)$/extern int \1();/p'\'' -e '\''s/^[ABCDGIRSTW][ABCDGIRSTW]* .* \(.*\)$/extern char \1;/p'\'''
lt_cv_sys_global_symbol_to_import=
lt_cv_sys_max_cmd_len=1572864
lt_cv_to_host_file_cmd=func_convert_file_noop
lt_cv_to_tool_file_cmd=func_convert_file_noop
lt_cv_truncate_bin='/nix/store/khkhvvmsfy8ysq3rd3lvanql1w9xp2m4-coreutils-9.0/bin/dd bs=4096 count=1'
tc_cv_with_tcsh=no

## ----------------- ##
## Output variables. ##
## ----------------- ##

ACLOCAL='${SHELL} '\''/home/lovely-son.hilme/afs/tiger/build-aux/missing'\'' aclocal-1.16'
AMDEPBACKSLASH='\'
AMDEP_FALSE='#'
AMDEP_TRUE=''
AMTAR='$${TAR-tar}'
AM_BACKSLASH='\'
AM_DEFAULT_V='$(AM_DEFAULT_VERBOSITY)'
AM_DEFAULT_VERBOSITY='0'
AM_V='$(V)'
AR='ar'
AUTOCONF='${SHELL} '\''/home/lovely-son.hilme/afs/tiger/build-aux/missing'\'' autoconf'
AUTOHEADER='${SHELL} '\''/home/lovely-son.hilme/afs/tiger/build-aux/missing'\'' autoheader'
AUTOMAKE='${SHELL} '\''/home/lovely-son.hilme/afs/tiger/build-aux/missing'\'' automake-1.16'
AWK='gawk'
BISON='bison'
BOOST_CPPFLAGS=''
BOOST_GRAPH_LDFLAGS=''
BOOST_GRAPH_LDPATH=''
BOOST_GRAPH_LIBS='-lboost_graph'
BOOST_LDPATH=''
BOOST_PROGRAM_OPTIONS_LDFLAGS=''
BOOST_PROGRAM_OPTIONS_LDPATH=''
BOOST_PROGRAM_OPTIONS_LIBS='-lboost_program_options'
BOOST_ROOT=''
BOOST_SYSTEM_LDFLAGS=''
BOOST_SYSTEM_LDPATH=''
BOOST_SYSTEM_LIBS='-lboost_system'
CC='gcc'
CCDEPMODE='depmode=gcc3'
CFLAGS='-g -O2'
CLANG='clang'
CLANG_FORMAT='clang-format'
CPPFLAGS=''
CXX='g++'
CXXCPP='g++ -E'
CXXDEPMODE='depmode=gcc3'
CXXFLAGS='-g -O2 -std=c++20 -pipe'
CYGPATH_W='echo'
DARWIN_FALSE=''
DARWIN_TRUE='#'
DEFS='-DHAVE_CONFIG_H'
DEPDIR='.deps'
DISTCHECK_CONFIGURE_FLAGS=' '\''--with-boost='\'''
DLLTOOL='false'
DSYMUTIL=''
DUMPBIN=''
ECHO_C=''
ECHO_N='-n'
ECHO_T=''
EGREP='/nix/store/88jjy3pyv49arll3623paaxxqfq3l08s-gnugrep-3.7/bin/grep -E'
EMACS='emacs'
EMACSLOADPATH=''
ENABLE_TCSH_FALSE=''
ENABLE_TCSH_TRUE='#'
EXEEXT=''
FGREP='/nix/store/88jjy3pyv49arll3623paaxxqfq3l08s-gnugrep-3.7/bin/grep -F'
FLEX='flex'
GREP='/nix/store/88jjy3pyv49arll3623paaxxqfq3l08s-gnugrep-3.7/bin/grep'
IA32_FREEBSD_FALSE=''
IA32_FREEBSD_TRUE='#'
IA32_GNU_LINUX_FALSE='#'
IA32_GNU_LINUX_TRUE=''
INSTALL_DATA='${INSTALL} -m 644'
INSTALL_PROGRAM='${INSTALL}'
INSTALL_SCRIPT='${INSTALL}'
INSTALL_STRIP_PROGRAM='$(install_sh) -c -s'
LD='/nix/store/11szv8mf8ww7gv36kfgj56d68cx7chg3-gcc-wrapper-10.3.0/bin/ld'
LDFLAGS=''
LIBOBJS=''
LIBS=''
LIBTOOL='$(SHELL) $(top_builddir)/libtool'
LIPO=''
LLVM_CONFIG='llvm-config'
LN_S='ln -s'
LTLIBOBJS=''
LT_SYS_LIBRARY_PATH=''
MAKEINFO='${SHELL} '\''/home/lovely-son.hilme/afs/tiger/build-aux/missing'\'' makeinfo'
MANIFEST_TOOL=':'
MKDIR_P='/nix/store/khkhvvmsfy8ysq3rd3lvanql1w9xp2m4-coreutils-9.0/bin/mkdir -p'
NM='/run/current-system/sw/bin/nm -B'
NMEDIT=''
NO_STRICT_ALIASING_CXXFLAGS=' -Wno-strict-aliasing'
OBJDUMP='objdump'
OBJEXT='o'
OTOOL64=''
OTOOL=''
PACKAGE='tc'
PACKAGE_BUGREPORT='tiger@lrde.epita.fr'
PACKAGE_NAME='LRDE Tiger Compiler'
PACKAGE_STRING='LRDE Tiger Compiler 1.91.e'
PACKAGE_TARNAME='tc'
PACKAGE_URL='http://tiger.lrde.epita.fr'
PACKAGE_VERSION='1.91.e'
PATH_SEPARATOR=':'
PYTHON=''
PYTHONINC=''
PYTHON_EXEC_PREFIX=''
PYTHON_PLATFORM=''
PYTHON_PREFIX=''
PYTHON_VERSION=''
RANLIB='ranlib'
RUBY=''
RUBY_CPPFLAGS=''
SED='/run/current-system/sw/bin/sed'
SET_MAKE=''
SHELL='/bin/sh'
STATIC_LLVM_FALSE=''
STATIC_LLVM_TRUE='#'
STRIP='strip'
SUPPORTED_IA32_FALSE='#'
SUPPORTED_IA32_TRUE=''
SWIG=''
SWIG_LIB=''
VERSION='1.91.e'
WARNING_CXXFLAGS=' -Wall -W -Wcast-align -Wcast-qual -Wformat -Wwrite-strings -Wmissing-declarations -Wunused-parameter -Wunused-function -Woverloaded-virtual  -Wno-shadow'
ac_ct_AR='ar'
ac_ct_CC='gcc'
ac_ct_CXX='g++'
ac_ct_DUMPBIN=''
am__EXEEXT_FALSE=''
am__EXEEXT_TRUE='#'
am__fastdepCC_FALSE='#'
am__fastdepCC_TRUE=''
am__fastdepCXX_FALSE='#'
am__fastdepCXX_TRUE=''
am__include='-include'
am__isrc=''
am__leading_dot='.'
am__nodep='_no'
am__quote=''
am__tar='$${TAR-tar} chof - "$$tardir"'
am__untar='$${TAR-tar} xf -'
bindir='${exec_prefix}/bin'
build='x86_64-pc-linux-gnux32'
build_alias=''
build_cpu='x86_64'
build_os='linux-gnux32'
build_vendor='pc'
datadir='${datarootdir}'
datarootdir='${prefix}/share'
docdir='${datarootdir}/doc/${PACKAGE_TARNAME}'
dvidir='${docdir}'
exec_prefix='${prefix}'
host='x86_64-pc-linux-gnux32'
host_alias=''
host_cpu='x86_64'
host_os='linux-gnux32'
host_vendor='pc'
htmldir='${docdir}'
includedir='${prefix}/include'
infodir='${datarootdir}/info'
install_sh='${SHELL} /home/lovely-son.hilme/afs/tiger/build-aux/install-sh'
libdir='${exec_prefix}/lib'
libexecdir='${exec_prefix}/libexec'
lispdir='${datarootdir}/emacs/site-lisp'
localedir='${datarootdir}/locale'
localstatedir='${prefix}/var'
mandir='${datarootdir}/man'
mkdir_p='$(MKDIR_P)'
oldincludedir='/usr/include'
pdfdir='${docdir}'
pkgpyexecdir=''
pkgpythondir=''
prefix='/usr/local'
program_transform_name='s,x,x,'
psdir='${docdir}'
pyexecdir=''
pythondir=''
runstatedir='${localstatedir}/run'
sbindir='${exec_prefix}/sbin'
sharedstatedir='${prefix}/com'
sysconfdir='${prefix}/etc'
target_alias=''

## ----------- ##
## confdefs.h. ##
## ----------- ##

/* confdefs.h */
#define PACKAGE_NAME "LRDE Tiger Compiler"
#define PACKAGE_TARNAME "tc"
#define PACKAGE_VERSION "1.91.e"
#define PACKAGE_STRING "LRDE Tiger Compiler 1.91.e"
#define PACKAGE_BUGREPORT "tiger@lrde.epita.fr"
#define PACKAGE_URL "http://tiger.lrde.epita.fr"
#define PACKAGE "tc"
#define VERSION "1.91.e"
#define FLEX_MAJOR_VERSION 2
#define FLEX_MINOR_VERSION 6
#define FLEX_SUBMINOR_VERSION 4
#define HAVE_STDIO_H 1
#define HAVE_STDLIB_H 1
#define HAVE_STRING_H 1
#define HAVE_INTTYPES_H 1
#define HAVE_STDINT_H 1
#define HAVE_STRINGS_H 1
#define HAVE_SYS_STAT_H 1
#define HAVE_SYS_TYPES_H 1
#define HAVE_UNISTD_H 1
#define STDC_HEADERS 1
#define HAVE_DLFCN_H 1
#define LT_OBJDIR ".libs/"
#define HAVE_BOOST 1
#define HAVE_BOOST_CAST_HPP 1
#define HAVE_BOOST_LEXICAL_CAST_HPP 1
#define HAVE_BOOST_GRAPH_ADJACENCY_LIST_HPP 1
#define HAVE_BOOST_PROGRAM_OPTIONS_HPP 1
#define HAVE_BOOST_ALGORITHM_STRING_HPP 1
#define HAVE_BOOST_SYSTEM_ERROR_CODE_HPP 1

configure: exit 0
